###############################################################################
#                                                                             #
# IAR C/C++ Compiler V8.10.3.10338/W32 for 8051         23/May/2014  15:17:36 #
# Copyright 2004-2011 IAR Systems AB.                                         #
#                                                                             #
#    Core               =  plain                                              #
#    Code model         =  banked                                             #
#    Data model         =  large                                              #
#    Calling convention =  xdata reentrant                                    #
#    Constant location  =  data_rom                                           #
#    Dptr setup         =  1,16                                               #
#    Source file        =  E:\emb_workspace\LEHome_zigbee\Projects\zstack\Sam #
#                          ples\SampleApp\Source\SampleApp.c                  #
#    Command line       =  -f E:\emb_workspace\LEHome_zigbee\Projects\zstack\ #
#                          Samples\SampleApp\CC2530DB\..\..\..\Tools\CC2530DB #
#                          \f8wCoord.cfg (-DCPU32MHZ -DROOT=__near_func       #
#                          -DMAC_CFG_APP_PENDING_QUEUE=TRUE                   #
#                          -DZDO_COORDINATOR -DRTR_NWK -DBLINK_LEDS) -f       #
#                          E:\emb_workspace\LEHome_zigbee\Projects\zstack\Sam #
#                          ples\SampleApp\CC2530DB\..\..\..\Tools\CC2530DB\f8 #
#                          wConfig.cfg (-DSECURE=0 -DZG_SECURE_DYNAMIC=0      #
#                          -DREFLECTOR -DDEFAULT_CHANLIST=0x00000800          #
#                          -DZDAPP_CONFIG_PAN_ID=0xFFF1                       #
#                          -DNWK_START_DELAY=100 -DEXTENDED_JOINING_RANDOM_MA #
#                          SK=0x007F -DBEACON_REQUEST_DELAY=100               #
#                          -DBEACON_REQ_DELAY_MASK=0x00FF                     #
#                          -DROUTE_EXPIRY_TIME=30 -DAPSC_ACK_WAIT_DURATION_PO #
#                          LLED=3000 -DNWK_INDIRECT_MSG_TIMEOUT=7             #
#                          -DMAX_RREQ_ENTRIES=8 -DAPSC_MAX_FRAME_RETRIES=3    #
#                          -DNWK_MAX_DATA_RETRIES=2                           #
#                          -DMAX_POLL_FAILURE_RETRIES=2 -DMAX_BCAST=9         #
#                          -DAPS_MAX_GROUPS=16 -DMAX_RTG_ENTRIES=40           #
#                          -DNWK_MAX_BINDING_ENTRIES=4                        #
#                          -DMAX_BINDING_CLUSTER_IDS=4 "-DDEFAULT_KEY={0x01,  #
#                          0x03, 0x05, 0x07, 0x09, 0x0B, 0x0D, 0x0F, 0x00,    #
#                          0x02, 0x04, 0x06, 0x08, 0x0A, 0x0C, 0x0D}"         #
#                          -DMAC_MAX_FRAME_SIZE=116 "-DCONST=const __code"    #
#                          -DGENERIC=__generic -DRFD_RCVC_ALWAYS_ON=FALSE     #
#                          -DPOLL_RATE=1000 -DQUEUED_POLL_RATE=100            #
#                          -DRESPONSE_POLL_RATE=100) -DREJOIN_POLL_RATE=440   #
#                          E:\emb_workspace\LEHome_zigbee\Projects\zstack\Sam #
#                          ples\SampleApp\Source\SampleApp.c -D ZIGBEEPRO -D  #
#                          ZTOOL_P1 -D xMT_TASK -D xMT_SYS_FUNC -D            #
#                          xMT_ZDO_FUNC -D LCD_SUPPORTED=DEBUG -lC            #
#                          E:\emb_workspace\LEHome_zigbee\Projects\zstack\Sam #
#                          ples\SampleApp\CC2530DB\CoordinatorEB-Pro\List\    #
#                          -lA E:\emb_workspace\LEHome_zigbee\Projects\zstack #
#                          \Samples\SampleApp\CC2530DB\CoordinatorEB-Pro\List #
#                          \ --diag_suppress Pe001,Pa010 -o                   #
#                          E:\emb_workspace\LEHome_zigbee\Projects\zstack\Sam #
#                          ples\SampleApp\CC2530DB\CoordinatorEB-Pro\Obj\ -e  #
#                          --debug --core=plain --dptr=16,1                   #
#                          --data_model=large --code_model=banked             #
#                          --calling_convention=xdata_reentrant               #
#                          --place_constants=data_rom --nr_virtual_regs 16    #
#                          -I E:\emb_workspace\LEHome_zigbee\Projects\zstack\ #
#                          Samples\SampleApp\CC2530DB\ -I                     #
#                          E:\emb_workspace\LEHome_zigbee\Projects\zstack\Sam #
#                          ples\SampleApp\CC2530DB\..\SOURCE\ -I              #
#                          E:\emb_workspace\LEHome_zigbee\Projects\zstack\Sam #
#                          ples\SampleApp\CC2530DB\..\..\..\ZMAIN\TI2530DB\   #
#                          -I E:\emb_workspace\LEHome_zigbee\Projects\zstack\ #
#                          Samples\SampleApp\CC2530DB\..\..\..\..\..\COMPONEN #
#                          TS\MT\ -I E:\emb_workspace\LEHome_zigbee\Projects\ #
#                          zstack\Samples\SampleApp\CC2530DB\..\..\..\..\..\C #
#                          OMPONENTS\HAL\INCLUDE\ -I                          #
#                          E:\emb_workspace\LEHome_zigbee\Projects\zstack\Sam #
#                          ples\SampleApp\CC2530DB\..\..\..\..\..\COMPONENTS\ #
#                          HAL\TARGET\CC2530EB\ -I E:\emb_workspace\LEHome_zi #
#                          gbee\Projects\zstack\Samples\SampleApp\CC2530DB\.. #
#                          \..\..\..\..\COMPONENTS\OSAL\MCU\CCSOC\ -I         #
#                          E:\emb_workspace\LEHome_zigbee\Projects\zstack\Sam #
#                          ples\SampleApp\CC2530DB\..\..\..\..\..\COMPONENTS\ #
#                          OSAL\INCLUDE\ -I E:\emb_workspace\LEHome_zigbee\Pr #
#                          ojects\zstack\Samples\SampleApp\CC2530DB\..\..\..\ #
#                          ..\..\COMPONENTS\STACK\AF\ -I                      #
#                          E:\emb_workspace\LEHome_zigbee\Projects\zstack\Sam #
#                          ples\SampleApp\CC2530DB\..\..\..\..\..\COMPONENTS\ #
#                          STACK\NWK\ -I E:\emb_workspace\LEHome_zigbee\Proje #
#                          cts\zstack\Samples\SampleApp\CC2530DB\..\..\..\..\ #
#                          ..\COMPONENTS\STACK\SEC\ -I                        #
#                          E:\emb_workspace\LEHome_zigbee\Projects\zstack\Sam #
#                          ples\SampleApp\CC2530DB\..\..\..\..\..\COMPONENTS\ #
#                          STACK\SAPI\ -I E:\emb_workspace\LEHome_zigbee\Proj #
#                          ects\zstack\Samples\SampleApp\CC2530DB\..\..\..\.. #
#                          \..\COMPONENTS\STACK\SYS\ -I                       #
#                          E:\emb_workspace\LEHome_zigbee\Projects\zstack\Sam #
#                          ples\SampleApp\CC2530DB\..\..\..\..\..\COMPONENTS\ #
#                          STACK\ZDO\ -I E:\emb_workspace\LEHome_zigbee\Proje #
#                          cts\zstack\Samples\SampleApp\CC2530DB\..\..\..\..\ #
#                          ..\COMPONENTS\ZMAC\F8W\ -I                         #
#                          E:\emb_workspace\LEHome_zigbee\Projects\zstack\Sam #
#                          ples\SampleApp\CC2530DB\..\..\..\..\..\COMPONENTS\ #
#                          ZMAC\ -I E:\emb_workspace\LEHome_zigbee\Projects\z #
#                          stack\Samples\SampleApp\CC2530DB\..\..\..\..\..\CO #
#                          MPONENTS\SERVICES\SADDR\ -I                        #
#                          E:\emb_workspace\LEHome_zigbee\Projects\zstack\Sam #
#                          ples\SampleApp\CC2530DB\..\..\..\..\..\COMPONENTS\ #
#                          SERVICES\SDATA\ -I E:\emb_workspace\LEHome_zigbee\ #
#                          Projects\zstack\Samples\SampleApp\CC2530DB\..\..\. #
#                          .\..\..\COMPONENTS\MAC\INCLUDE\ -I                 #
#                          E:\emb_workspace\LEHome_zigbee\Projects\zstack\Sam #
#                          ples\SampleApp\CC2530DB\..\..\..\..\..\COMPONENTS\ #
#                          MAC\HIGH_LEVEL\ -I E:\emb_workspace\LEHome_zigbee\ #
#                          Projects\zstack\Samples\SampleApp\CC2530DB\..\..\. #
#                          .\..\..\COMPONENTS\MAC\LOW_LEVEL\srf04\ -I         #
#                          E:\emb_workspace\LEHome_zigbee\Projects\zstack\Sam #
#                          ples\SampleApp\CC2530DB\..\..\..\..\..\COMPONENTS\ #
#                          MAC\LOW_LEVEL\srf04\SINGLE_CHIP\ -Ohz              #
#                          --require_prototypes                               #
#    List file          =  E:\emb_workspace\LEHome_zigbee\Projects\zstack\Sam #
#                          ples\SampleApp\CC2530DB\CoordinatorEB-Pro\List\Sam #
#                          pleApp.lst                                         #
#    Object file        =  E:\emb_workspace\LEHome_zigbee\Projects\zstack\Sam #
#                          ples\SampleApp\CC2530DB\CoordinatorEB-Pro\Obj\Samp #
#                          leApp.r51                                          #
#                                                                             #
#                                                                             #
###############################################################################

E:\emb_workspace\LEHome_zigbee\Projects\zstack\Samples\SampleApp\Source\SampleApp.c
      1          /**************************************************************************************************
      2            Filename:       SampleApp.c
      3            Revised:        $Date: 2009-03-18 15:56:27 -0700 (Wed, 18 Mar 2009) $
      4            Revision:       $Revision: 19453 $
      5          
      6            Description:    Sample Application (no Profile).
      7          
      8          
      9            Copyright 2007 Texas Instruments Incorporated. All rights reserved.
     10          
     11            IMPORTANT: Your use of this Software is limited to those specific rights
     12            granted under the terms of a software license agreement between the user
     13            who downloaded the software, his/her employer (which must be your employer)
     14            and Texas Instruments Incorporated (the "License").  You may not use this
     15            Software unless you agree to abide by the terms of the License. The License
     16            limits your use, and you acknowledge, that the Software may not be modified,
     17            copied or distributed unless embedded on a Texas Instruments microcontroller
     18            or used solely and exclusively in conjunction with a Texas Instruments radio
     19            frequency transceiver, which is integrated into your product.  Other than for
     20            the foregoing purpose, you may not use, reproduce, copy, prepare derivative
     21            works of, modify, distribute, perform, display or sell this Software and/or
     22            its documentation for any purpose.
     23          
     24            YOU FURTHER ACKNOWLEDGE AND AGREE THAT THE SOFTWARE AND DOCUMENTATION ARE
     25            PROVIDED AS IS?WITHOUT WARRANTY OF ANY KIND, EITHER EXPRESS OR IMPLIED,
     26            INCLUDING WITHOUT LIMITATION, ANY WARRANTY OF MERCHANTABILITY, TITLE,
     27            NON-INFRINGEMENT AND FITNESS FOR A PARTICULAR PURPOSE. IN NO EVENT SHALL
     28            TEXAS INSTRUMENTS OR ITS LICENSORS BE LIABLE OR OBLIGATED UNDER CONTRACT,
     29            NEGLIGENCE, STRICT LIABILITY, CONTRIBUTION, BREACH OF WARRANTY, OR OTHER
     30            LEGAL EQUITABLE THEORY ANY DIRECT OR INDIRECT DAMAGES OR EXPENSES
     31            INCLUDING BUT NOT LIMITED TO ANY INCIDENTAL, SPECIAL, INDIRECT, PUNITIVE
     32            OR CONSEQUENTIAL DAMAGES, LOST PROFITS OR LOST DATA, COST OF PROCUREMENT
     33            OF SUBSTITUTE GOODS, TECHNOLOGY, SERVICES, OR ANY CLAIMS BY THIRD PARTIES
     34            (INCLUDING BUT NOT LIMITED TO ANY DEFENSE THEREOF), OR OTHER SIMILAR COSTS.
     35          
     36            Should you have any questions regarding your right to use this Software,
     37            contact Texas Instruments Incorporated at www.TI.com.
     38          **************************************************************************************************/
     39          
     40          /*********************************************************************
     41            This application isn't intended to do anything useful, it is
     42            intended to be a simple example of an application's structure.
     43          
     44            This application sends it's messages either as broadcast or
     45            broadcast filtered group messages.  The other (more normal)
     46            message addressing is unicast.  Most of the other sample
     47            applications are written to support the unicast message model.
     48          
     49            Key control:
     50              SW1:  Sends a flash command to all devices in Group 1.
     51              SW2:  Adds/Removes (toggles) this device in and out
     52                    of Group 1.  This will enable and disable the
     53                    reception of the flash command.
     54          *********************************************************************/
     55          
     56          /*********************************************************************
     57           * INCLUDES
     58           */
     59          #include <stdio.h>
     60          #include "OSAL.h"
     61          #include "ZGlobals.h"
     62          #include "AF.h"
     63          #include "aps_groups.h"
     64          #include "ZDApp.h"
     65          
     66          #include "SampleApp.h"
     67          #include "SampleAppHw.h"
     68          
     69          #include "OnBoard.h"

   \                                 In  segment SFR_AN, at 0x80
   \   union <unnamed> volatile __sfr _A_P0
   \                     _A_P0:
   \   000000                DS 1

   \                                 In  segment SFR_AN, at 0xf3
   \   unsigned char volatile __sfr P0SEL
   \                     P0SEL:
   \   000000                DS 1
     70          
     71          /* HAL */
     72          #include "hal_lcd.h"
     73          #include "hal_led.h"
     74          #include "hal_key.h"
     75          #include "MT_UART.h"
     76          #include "MT_APP.h"
     77          #include "MT.h"
     78          #include "DHT11.h"
     79          
     80          
     81          /*********************************************************************
     82           * MACROS
     83           */
     84          #define H_PIN P0_4            //定义P0.4口为传感器的输入端
     85          #define G_PIN P0_5            //定义P0.5口为传感器的输入端
     86          
     87          /*********************************************************************
     88           * CONSTANTS
     89           */
     90          
     91          /*********************************************************************
     92           * TYPEDEFS
     93           */
     94          
     95          /*********************************************************************
     96           * GLOBAL VARIABLES
     97           */
     98          
     99          // This list should be filled with Application specific Cluster IDs.

   \                                 In  segment XDATA_ROM_C, align 1
    100          const cId_t SampleApp_ClusterList[SAMPLEAPP_MAX_CLUSTERS] =
   \                     SampleApp_ClusterList:
   \   000000   0100         DW 1
   \   000002   0200         DW 2
    101          {
    102            SAMPLEAPP_PERIODIC_CLUSTERID,
    103            SAMPLEAPP_FLASH_CLUSTERID
    104          };
    105          

   \                                 In  segment XDATA_ROM_C, align 1
    106          const SimpleDescriptionFormat_t SampleApp_SimpleDesc =
   \                     SampleApp_SimpleDesc:
   \   000000   14           DB 20
   \   000001   080F         DW 3848
   \   000003   0100         DW 1
   \   000005   00           DB 0
   \   000006   02           DB 2
   \   000007   ....         DW SampleApp_ClusterList
   \   000009   02           DB 2
   \   00000A   ....         DW SampleApp_ClusterList
    107          {
    108            SAMPLEAPP_ENDPOINT,              //  int Endpoint;
    109            SAMPLEAPP_PROFID,                //  uint16 AppProfId[2];
    110            SAMPLEAPP_DEVICEID,              //  uint16 AppDeviceId[2];
    111            SAMPLEAPP_DEVICE_VERSION,        //  int   AppDevVer:4;
    112            SAMPLEAPP_FLAGS,                 //  int   AppFlags:4;
    113            SAMPLEAPP_MAX_CLUSTERS,          //  uint8  AppNumInClusters;
    114            (cId_t *)SampleApp_ClusterList,  //  uint8 *pAppInClusterList;
    115            SAMPLEAPP_MAX_CLUSTERS,          //  uint8  AppNumInClusters;
    116            (cId_t *)SampleApp_ClusterList   //  uint8 *pAppInClusterList;
    117          };
    118          
    119          // This is the Endpoint/Interface description.  It is defined here, but
    120          // filled-in in SampleApp_Init().  Another way to go would be to fill
    121          // in the structure here and make it a "const" (in code space).  The
    122          // way it's defined in this sample app it is define in RAM.

   \                                 In  segment XDATA_Z, align 1, keep-with-next
    123          endPointDesc_t SampleApp_epDesc;
   \                     SampleApp_epDesc:
   \   000000                DS 6
   \   000006                REQUIRE __INIT_XDATA_Z
    124          
    125          /*********************************************************************
    126           * EXTERNAL VARIABLES
    127           */
    128          
    129          /*********************************************************************
    130           * EXTERNAL FUNCTIONS
    131           */
    132          
    133          /*********************************************************************
    134           * LOCAL VARIABLES
    135           */

   \                                 In  segment XDATA_Z, align 1, keep-with-next
    136          uint8 SampleApp_TaskID;   // Task ID for internal task/event processing
   \                     SampleApp_TaskID:
   \   000000                DS 1
   \   000001                REQUIRE __INIT_XDATA_Z
    137                                    // This variable will be received when
    138                                    // SampleApp_Init() is called.

   \                                 In  segment XDATA_Z, align 1, keep-with-next
    139          devStates_t SampleApp_NwkState;
   \                     SampleApp_NwkState:
   \   000000                DS 1
   \   000001                REQUIRE __INIT_XDATA_Z
    140          

   \                                 In  segment XDATA_Z, align 1, keep-with-next
    141          uint8 SampleApp_TransID;  // This is the unique message ID (counter)
   \                     SampleApp_TransID:
   \   000000                DS 1
   \   000001                REQUIRE __INIT_XDATA_Z
    142          

   \                                 In  segment XDATA_Z, align 1, keep-with-next
    143          afAddrType_t SampleApp_P2P_DstAddr;      //点播
   \                     SampleApp_P2P_DstAddr:
   \   000000                DS 12
   \   00000C                REQUIRE __INIT_XDATA_Z
    144          

   \                                 In  segment XDATA_Z, align 1, keep-with-next
    145          aps_Group_t SampleApp_Group;
   \                     SampleApp_Group:
   \   000000                DS 18
   \   000012                REQUIRE __INIT_XDATA_Z
    146          

   \                                 In  segment XDATA_Z, align 1, keep-with-next
    147          uint8 SampleAppPeriodicCounter = 0;
   \                     SampleAppPeriodicCounter:
   \   000000                DS 1
   \   000001                REQUIRE __INIT_XDATA_Z

   \                                 In  segment XDATA_Z, align 1, keep-with-next
    148          uint8 SampleAppFlashCounter = 0;
   \                     SampleAppFlashCounter:
   \   000000                DS 1
   \   000001                REQUIRE __INIT_XDATA_Z
    149          
    150          /*********************************************************************
    151           * LOCAL FUNCTIONS
    152           */
    153          void SampleApp_HandleKeys( uint8 shift, uint8 keys );
    154          void SampleApp_MessageMSGCB( afIncomingMSGPacket_t *pckt );
    155          void SampleApp_Send_P2P_Message(void);
    156          void rxCB(uint8 port,uint8 event);
    157          
    158          void SendSelfAddrToUART(void);
    159          static void GetIeeeAddr(uint8 * pIeeeAddr, uint8 *pStr);
    160          /*********************************************************************
    161           * NETWORK LAYER CALLBACKS
    162           */
    163          
    164          /*********************************************************************
    165           * PUBLIC FUNCTIONS
    166           */
    167          
    168          /*********************************************************************
    169           * @fn      SampleApp_Init
    170           *
    171           * @brief   Initialization function for the Generic App Task.
    172           *          This is called during initialization and should contain
    173           *          any application specific initialization (ie. hardware
    174           *          initialization/setup, table initialization, power up
    175           *          notificaiton ... ).
    176           *
    177           * @param   task_id - the ID assigned by OSAL.  This ID should be
    178           *                    used to send messages and set timers.
    179           *
    180           * @return  none
    181           */

   \                                 In  segment BANKED_CODE, align 1, keep-with-next
    182          void SampleApp_Init( uint8 task_id )
   \                     SampleApp_Init:
    183          { 
   \   000000   74F5         MOV     A,#-0xb
   \   000002   12....       LCALL   ?BANKED_ENTER_XDATA
   \   000005                ; Saved register size: 11
   \   000005                ; Auto size: 0
   \   000005   E9           MOV     A,R1
   \   000006   FE           MOV     R6,A
    184            SampleApp_TaskID = task_id;
   \   000007   90....       MOV     DPTR,#SampleApp_TaskID
   \   00000A   F0           MOVX    @DPTR,A
    185            SampleApp_NwkState = DEV_INIT;
   \   00000B   90....       MOV     DPTR,#SampleApp_NwkState
   \   00000E   7401         MOV     A,#0x1
   \   000010   F0           MOVX    @DPTR,A
    186            SampleApp_TransID = 0;
   \   000011   90....       MOV     DPTR,#SampleApp_TransID
   \   000014   E4           CLR     A
   \   000015   F0           MOVX    @DPTR,A
    187            
    188            MT_UartInit();                  //串口初始化
   \   000016                ; Setup parameters for call to function MT_UartInit
   \   000016   12....       LCALL   ??MT_UartInit?relay
    189            MT_UartRegisterTaskID(task_id); //注册串口任务
   \   000019                ; Setup parameters for call to function MT_UartRegisterTaskID
   \   000019   EE           MOV     A,R6
   \   00001A   F9           MOV     R1,A
   \   00001B   12....       LCALL   ??MT_UartRegisterTaskID?relay
    190            P0SEL &= ~0xb0;                  //P0_7, P0_4, P0_5配置成通用io
   \   00001E   53F34F       ANL     0xf3,#0x4f
    191            
    192            // Device hardware initialization can be added here or in main() (Zmain.c).
    193            // If the hardware is application specific - add it here.
    194            // If the hardware is other parts of the device add it in main().
    195          
    196           #if defined ( BUILD_ALL_DEVICES )
    197            // The "Demo" target is setup to have BUILD_ALL_DEVICES and HOLD_AUTO_START
    198            // We are looking at a jumper (defined in SampleAppHw.c) to be jumpered
    199            // together - if they are - we will start up a coordinator. Otherwise,
    200            // the device will start as a router.
    201            if ( readCoordinatorJumper() )
    202              zgDeviceLogicalType = ZG_DEVICETYPE_COORDINATOR;
    203            else
    204              zgDeviceLogicalType = ZG_DEVICETYPE_ROUTER;
    205          #endif // BUILD_ALL_DEVICES
    206          
    207          #if defined ( HOLD_AUTO_START )
    208            // HOLD_AUTO_START is a compile option that will surpress ZDApp
    209            //  from starting the device and wait for the application to
    210            //  start the device.
    211            ZDOInitDevice(0);
    212          #endif
    213            
    214            SampleApp_P2P_DstAddr.addrMode = (afAddrMode_t)Addr16Bit; //点播 
   \   000021   90....       MOV     DPTR,#SampleApp_P2P_DstAddr + 8
   \   000024   7402         MOV     A,#0x2
   \   000026   F0           MOVX    @DPTR,A
    215            SampleApp_P2P_DstAddr.endPoint = SAMPLEAPP_ENDPOINT; 
   \   000027   A3           INC     DPTR
   \   000028   7414         MOV     A,#0x14
   \   00002A   F0           MOVX    @DPTR,A
    216            SampleApp_P2P_DstAddr.addr.shortAddr = 0x0000;            //发给协调器
   \   00002B   90....       MOV     DPTR,#SampleApp_P2P_DstAddr
   \   00002E   E4           CLR     A
   \   00002F   F0           MOVX    @DPTR,A
   \   000030   A3           INC     DPTR
   \   000031   F0           MOVX    @DPTR,A
    217          
    218            // Fill out the endpoint description.
    219            SampleApp_epDesc.endPoint = SAMPLEAPP_ENDPOINT;
   \   000032   90....       MOV     DPTR,#SampleApp_epDesc
   \   000035   7414         MOV     A,#0x14
   \   000037   F0           MOVX    @DPTR,A
    220            SampleApp_epDesc.task_id = &SampleApp_TaskID;
   \   000038   A3           INC     DPTR
   \   000039   74..         MOV     A,#SampleApp_TaskID & 0xff
   \   00003B   F0           MOVX    @DPTR,A
   \   00003C   A3           INC     DPTR
   \   00003D   74..         MOV     A,#(SampleApp_TaskID >> 8) & 0xff
   \   00003F   F0           MOVX    @DPTR,A
    221            SampleApp_epDesc.simpleDesc
    222                      = (SimpleDescriptionFormat_t *)&SampleApp_SimpleDesc;
   \   000040   A3           INC     DPTR
   \   000041   74..         MOV     A,#SampleApp_SimpleDesc & 0xff
   \   000043   F0           MOVX    @DPTR,A
   \   000044   A3           INC     DPTR
   \   000045   74..         MOV     A,#(SampleApp_SimpleDesc >> 8) & 0xff
   \   000047   F0           MOVX    @DPTR,A
    223            SampleApp_epDesc.latencyReq = noLatencyReqs;
   \   000048   A3           INC     DPTR
   \   000049   E4           CLR     A
   \   00004A   F0           MOVX    @DPTR,A
    224          
    225            // Register the endpoint description with the AF
    226            afRegister( &SampleApp_epDesc );
   \   00004B                ; Setup parameters for call to function afRegister
   \   00004B   7A..         MOV     R2,#SampleApp_epDesc & 0xff
   \   00004D   7B..         MOV     R3,#(SampleApp_epDesc >> 8) & 0xff
   \   00004F   12....       LCALL   ??afRegister?relay
    227          
    228            // Register for all key events - This app will handle all key events
    229            RegisterForKeys( SampleApp_TaskID );
   \   000052                ; Setup parameters for call to function RegisterForKeys
   \   000052   90....       MOV     DPTR,#SampleApp_TaskID
   \   000055   E0           MOVX    A,@DPTR
   \   000056   F9           MOV     R1,A
   \   000057   12....       LCALL   ??RegisterForKeys?relay
    230          
    231            // By default, all devices start out in Group 1
    232            SampleApp_Group.ID = 0x0001;
   \   00005A   90....       MOV     DPTR,#SampleApp_Group
   \   00005D   7401         MOV     A,#0x1
   \   00005F   F0           MOVX    @DPTR,A
   \   000060   A3           INC     DPTR
   \   000061   E4           CLR     A
   \   000062   F0           MOVX    @DPTR,A
    233            osal_memcpy( SampleApp_Group.name, "Group 1", 7 );
   \   000063                ; Setup parameters for call to function osal_memcpy
   \   000063   75....       MOV     ?V0 + 0,#`?<Constant "Group 1">` & 0xff
   \   000066   75....       MOV     ?V0 + 1,#(`?<Constant "Group 1">` >> 8) & 0xff
   \   000069   F5..         MOV     ?V0 + 2,A
   \   00006B   78..         MOV     R0,#?V0 + 0
   \   00006D   12....       LCALL   ?PUSH_XSTACK_I_THREE
   \   000070   7C07         MOV     R4,#0x7
   \   000072   7D00         MOV     R5,#0x0
   \   000074   7A..         MOV     R2,#(SampleApp_Group + 2) & 0xff
   \   000076   7B..         MOV     R3,#((SampleApp_Group + 2) >> 8) & 0xff
   \   000078   12....       LCALL   ??Subroutine5_0 & 0xFFFF
   \                     ??CrossCallReturnLabel_14:
   \   00007B   12....       LCALL   ?DEALLOC_XSTACK8
    234            aps_AddGroup( SAMPLEAPP_ENDPOINT, &SampleApp_Group );
   \   00007E                ; Setup parameters for call to function aps_AddGroup
   \   00007E   7A..         MOV     R2,#SampleApp_Group & 0xff
   \   000080   7B..         MOV     R3,#(SampleApp_Group >> 8) & 0xff
   \   000082   7914         MOV     R1,#0x14
   \   000084   12....       LCALL   ??aps_AddGroup?relay
    235          
    236          #if defined ( LCD_SUPPORTED )
    237            HalLcdWriteString( "SampleApp", HAL_LCD_LINE_1 );
   \   000087                ; Setup parameters for call to function HalLcdWriteString
   \   000087   7901         MOV     R1,#0x1
   \   000089   7A..         MOV     R2,#`?<Constant "SampleApp">` & 0xff
   \   00008B   7B..         MOV     R3,#(`?<Constant "SampleApp">` >> 8) & 0xff
   \   00008D   12....       LCALL   ??HalLcdWriteString?relay
    238          #endif
    239          }
   \   000090   7F03         MOV     R7,#0x3
   \   000092   02....       LJMP    ?BANKED_LEAVE_XDATA
   \   000095                REQUIRE P0SEL

   \                                 In  segment BANKED_CODE, align 1, keep-with-next
   \                     ??Subroutine5_0:
   \   000000   12....       LCALL   ??osal_memcpy?relay
   \   000003   7403         MOV     A,#0x3
   \   000005   22           RET
    240          
    241          /*********************************************************************
    242           * @fn      SampleApp_ProcessEvent
    243           *
    244           * @brief   Generic Application Task event processor.  This function
    245           *          is called to process all events for the task.  Events
    246           *          include timers, messages and any other user defined events.
    247           *
    248           * @param   task_id  - The OSAL assigned task ID.
    249           * @param   events - events to process.  This is a bit map and can
    250           *                   contain more than one event.
    251           *
    252           * @return  none
    253           */

   \                                 In  segment BANKED_CODE, align 1, keep-with-next
    254          uint16 SampleApp_ProcessEvent( uint8 task_id, uint16 events )
   \                     SampleApp_ProcessEvent:
    255          {
   \   000000   74F4         MOV     A,#-0xc
   \   000002   12....       LCALL   ?BANKED_ENTER_XDATA
   \   000005                ; Saved register size: 12
   \   000005                ; Auto size: 0
   \   000005   EA           MOV     A,R2
   \   000006   FE           MOV     R6,A
   \   000007   EB           MOV     A,R3
   \   000008   FF           MOV     R7,A
    256            afIncomingMSGPacket_t *MSGpkt;
    257            (void)task_id;  // Intentionally unreferenced parameter
    258          
    259            if ( events & SYS_EVENT_MSG )
   \   000009   5480         ANL     A,#0x80
   \   00000B   6074         JZ      ??SampleApp_ProcessEvent_0
    260            {
    261              MSGpkt = (afIncomingMSGPacket_t *)osal_msg_receive( SampleApp_TaskID );
   \   00000D                ; Setup parameters for call to function osal_msg_receive
   \   00000D   8026         SJMP    ??SampleApp_ProcessEvent_1
    262              while ( MSGpkt )
    263              {
    264                switch ( MSGpkt->hdr.event )
    265                {
    266                  // Received when a key is pressed
    267                  case KEY_CHANGE:
    268                    SampleApp_HandleKeys( ((keyChange_t *)MSGpkt)->state, ((keyChange_t *)MSGpkt)->keys );
    269                    break;
    270          
    271                  // Received when a messages is received (OTA) for this endpoint
    272                  case AF_INCOMING_MSG_CMD:
    273                    SampleApp_MessageMSGCB( MSGpkt );
    274                    break;
    275          
    276                  // Received whenever the device changes state in the network
    277                  case ZDO_STATE_CHANGE:
    278                    SampleApp_NwkState = (devStates_t)(MSGpkt->hdr.status);
   \                     ??SampleApp_ProcessEvent_2:
   \   00000F   A3           INC     DPTR
   \   000010   E0           MOVX    A,@DPTR
   \   000011   90....       MOV     DPTR,#SampleApp_NwkState
   \   000014   F0           MOVX    @DPTR,A
    279                    if ( //(SampleApp_NwkState == DEV_ZB_COORD) ||
    280                           (SampleApp_NwkState == DEV_ROUTER)
    281                        || (SampleApp_NwkState == DEV_END_DEVICE) )
   \   000015   6407         XRL     A,#0x7
   \   000017   6005         JZ      ??SampleApp_ProcessEvent_3
   \   000019   E0           MOVX    A,@DPTR
   \   00001A   6406         XRL     A,#0x6
   \   00001C   7010         JNZ     ??SampleApp_ProcessEvent_4
    282                    {
    283                      // Start sending the periodic message in a regular interval.
    284                      osal_start_timerEx( SampleApp_TaskID,
    285                                        SAMPLEAPP_SEND_PERIODIC_MSG_EVT,
    286                                        SAMPLEAPP_SEND_PERIODIC_MSG_TIMEOUT );
   \                     ??SampleApp_ProcessEvent_3:
   \   00001E                ; Setup parameters for call to function osal_start_timerEx
   \   00001E   7CE8         MOV     R4,#-0x18
   \   000020   7D03         MOV     R5,#0x3
   \   000022   7A01         MOV     R2,#0x1
   \   000024   7B00         MOV     R3,#0x0
   \   000026   90....       MOV     DPTR,#SampleApp_TaskID
   \   000029   E0           MOVX    A,@DPTR
   \   00002A   F9           MOV     R1,A
   \   00002B   12....       LCALL   ??osal_start_timerEx?relay
    287                    }
    288                    else
    289                    {
    290                      // Device is no longer in the network
    291                    }
    292                    break;
    293          
    294                  default:
    295                    break;
    296                }
    297          
    298                // Release the memory
    299                osal_msg_deallocate( (uint8 *)MSGpkt );
   \                     ??SampleApp_ProcessEvent_4:
   \   00002E                ; Setup parameters for call to function osal_msg_deallocate
   \   00002E   AA..         MOV     R2,?V0 + 0
   \   000030   AB..         MOV     R3,?V0 + 1
   \   000032   12....       LCALL   ??osal_msg_deallocate?relay
    300          
    301                // Next - if one is available
    302                MSGpkt = (afIncomingMSGPacket_t *)osal_msg_receive( SampleApp_TaskID );
   \   000035                ; Setup parameters for call to function osal_msg_receive
   \                     ??SampleApp_ProcessEvent_1:
   \   000035   90....       MOV     DPTR,#SampleApp_TaskID
   \   000038   E0           MOVX    A,@DPTR
   \   000039   F9           MOV     R1,A
   \   00003A   12....       LCALL   ??osal_msg_receive?relay
   \   00003D   8A..         MOV     ?V0 + 0,R2
   \   00003F   8B..         MOV     ?V0 + 1,R3
   \   000041   E5..         MOV     A,?V0 + 0
   \   000043   45..         ORL     A,?V0 + 1
   \   000045   6032         JZ      ??SampleApp_ProcessEvent_5
   \   000047   85..82       MOV     DPL,?V0 + 0
   \   00004A   85..83       MOV     DPH,?V0 + 1
   \   00004D   E0           MOVX    A,@DPTR
   \   00004E   24E6         ADD     A,#-0x1a
   \   000050   601E         JZ      ??SampleApp_ProcessEvent_6
   \   000052   245A         ADD     A,#0x5a
   \   000054   6006         JZ      ??SampleApp_ProcessEvent_7
   \   000056   24EF         ADD     A,#-0x11
   \   000058   60B5         JZ      ??SampleApp_ProcessEvent_2
   \   00005A   80D2         SJMP    ??SampleApp_ProcessEvent_4
   \                     ??SampleApp_ProcessEvent_7:
   \   00005C                ; Setup parameters for call to function SampleApp_HandleKeys
   \   00005C   A3           INC     DPTR
   \   00005D   A3           INC     DPTR
   \   00005E   A3           INC     DPTR
   \   00005F   E0           MOVX    A,@DPTR
   \   000060   FA           MOV     R2,A
   \   000061   85..82       MOV     DPL,?V0 + 0
   \   000064   85..83       MOV     DPH,?V0 + 1
   \   000067   A3           INC     DPTR
   \   000068   A3           INC     DPTR
   \   000069   E0           MOVX    A,@DPTR
   \   00006A   F9           MOV     R1,A
   \   00006B   12....       LCALL   ??SampleApp_HandleKeys?relay
   \   00006E   80BE         SJMP    ??SampleApp_ProcessEvent_4
   \                     ??SampleApp_ProcessEvent_6:
   \   000070                ; Setup parameters for call to function SampleApp_MessageMSGCB
   \   000070   AA..         MOV     R2,?V0 + 0
   \   000072   AB..         MOV     R3,?V0 + 1
   \   000074   12....       LCALL   ??SampleApp_MessageMSGCB?relay
   \   000077   80B5         SJMP    ??SampleApp_ProcessEvent_4
    303              }
    304          
    305              // return unprocessed events
    306              return (events ^ SYS_EVENT_MSG);
   \                     ??SampleApp_ProcessEvent_5:
   \   000079   EE           MOV     A,R6
   \   00007A   FA           MOV     R2,A
   \   00007B   EF           MOV     A,R7
   \   00007C   6480         XRL     A,#0x80
   \                     ??SampleApp_ProcessEvent_8:
   \   00007E   FB           MOV     R3,A
   \   00007F   802A         SJMP    ??SampleApp_ProcessEvent_9
    307            }
    308          
    309            // Send a message out - This event is generated by a timer
    310            //  (setup in SampleApp_Init()).
    311            if ( events & SAMPLEAPP_SEND_PERIODIC_MSG_EVT )
   \                     ??SampleApp_ProcessEvent_0:
   \   000081   EE           MOV     A,R6
   \   000082   A2E0         MOV     C,0xE0 /* A   */.0
   \   000084   5021         JNC     ??SampleApp_ProcessEvent_10
    312            {
    313              // Send the periodic message
    314              SampleApp_Send_P2P_Message();
   \   000086                ; Setup parameters for call to function SampleApp_Send_P2P_Message
   \   000086   12....       LCALL   ??SampleApp_Send_P2P_Message?relay
    315          
    316              // Setup to send message again in normal period (+ a little jitter)
    317              osal_start_timerEx( SampleApp_TaskID, SAMPLEAPP_SEND_PERIODIC_MSG_EVT,
    318                  (SAMPLEAPP_SEND_PERIODIC_MSG_TIMEOUT + (osal_rand() & 0x00FF)) );
   \   000089                ; Setup parameters for call to function osal_rand
   \   000089   12....       LCALL   ??osal_rand?relay
   \   00008C                ; Setup parameters for call to function osal_start_timerEx
   \   00008C   EA           MOV     A,R2
   \   00008D   24E8         ADD     A,#-0x18
   \   00008F   FC           MOV     R4,A
   \   000090   E4           CLR     A
   \   000091   3403         ADDC    A,#0x3
   \   000093   FD           MOV     R5,A
   \   000094   7A01         MOV     R2,#0x1
   \   000096   7B00         MOV     R3,#0x0
   \   000098   90....       MOV     DPTR,#SampleApp_TaskID
   \   00009B   E0           MOVX    A,@DPTR
   \   00009C   F9           MOV     R1,A
   \   00009D   12....       LCALL   ??osal_start_timerEx?relay
    319          
    320              // return unprocessed events
    321              return (events ^ SAMPLEAPP_SEND_PERIODIC_MSG_EVT);
   \   0000A0   EE           MOV     A,R6
   \   0000A1   6401         XRL     A,#0x1
   \   0000A3   FA           MOV     R2,A
   \   0000A4   EF           MOV     A,R7
   \   0000A5   80D7         SJMP    ??SampleApp_ProcessEvent_8
    322            }
    323          
    324            // Discard unknown events
    325            return 0;
   \                     ??SampleApp_ProcessEvent_10:
   \   0000A7   7A00         MOV     R2,#0x0
   \   0000A9   7B00         MOV     R3,#0x0
   \                     ??SampleApp_ProcessEvent_9:
   \   0000AB   7F04         MOV     R7,#0x4
   \   0000AD   02....       LJMP    ?BANKED_LEAVE_XDATA
    326          }
    327          
    328          /*********************************************************************
    329           * Event Generation Functions
    330           */
    331          /*********************************************************************
    332           * @fn      SampleApp_HandleKeys
    333           *
    334           * @brief   Handles all key events for this device.
    335           *
    336           * @param   shift - true if in shift/alt.
    337           * @param   keys - bit field for key events. Valid entries:
    338           *                 HAL_KEY_SW_2
    339           *                 HAL_KEY_SW_1
    340           *
    341           * @return  none
    342           */

   \                                 In  segment BANKED_CODE, align 1, keep-with-next
    343          void SampleApp_HandleKeys( uint8 shift, uint8 keys )
   \                     SampleApp_HandleKeys:
    344          {
   \   000000   74F6         MOV     A,#-0xa
   \   000002   12....       LCALL   ?BANKED_ENTER_XDATA
   \   000005                ; Saved register size: 10
   \   000005                ; Auto size: 0
   \   000005   EA           MOV     A,R2
   \   000006   FE           MOV     R6,A
    345            (void)shift;  // Intentionally unreferenced parameter
    346            if ( keys & HAL_KEY_SW_6 )
   \   000007   A2E5         MOV     C,0xE0 /* A   */.5
   \   000009   5003         JNC     ??SampleApp_HandleKeys_0
    347            {
    348              SendSelfAddrToUART();
   \   00000B                ; Setup parameters for call to function SendSelfAddrToUART
   \   00000B   12....       LCALL   ??SendSelfAddrToUART?relay
    349            }
    350          
    351            if ( keys & HAL_KEY_SW_2 )
   \                     ??SampleApp_HandleKeys_0:
   \   00000E   EE           MOV     A,R6
   \   00000F   A2E1         MOV     C,0xE0 /* A   */.1
   \   000011   5024         JNC     ??SampleApp_HandleKeys_1
    352            {
    353              /* The Flashr Command is sent to Group 1.
    354               * This key toggles this device in and out of group 1.
    355               * If this device doesn't belong to group 1, this application
    356               * will not receive the Flash command sent to group 1.
    357               */
    358              aps_Group_t *grp;
    359              grp = aps_FindGroup( SAMPLEAPP_ENDPOINT, SAMPLEAPP_FLASH_GROUP );
    360              if ( grp )
   \   000013                ; Setup parameters for call to function aps_FindGroup
   \   000013   7A01         MOV     R2,#0x1
   \   000015   7B00         MOV     R3,#0x0
   \   000017   7914         MOV     R1,#0x14
   \   000019   12....       LCALL   ??aps_FindGroup?relay
   \   00001C   8B..         MOV     ?V0 + 1,R3
   \   00001E   EA           MOV     A,R2
   \   00001F   45..         ORL     A,?V0 + 1
   \   000021   600B         JZ      ??SampleApp_HandleKeys_2
    361              {
    362                // Remove from the group
    363                aps_RemoveGroup( SAMPLEAPP_ENDPOINT, SAMPLEAPP_FLASH_GROUP );
   \   000023                ; Setup parameters for call to function aps_RemoveGroup
   \   000023   7A01         MOV     R2,#0x1
   \   000025   7B00         MOV     R3,#0x0
   \   000027   7914         MOV     R1,#0x14
   \   000029   12....       LCALL   ??aps_RemoveGroup?relay
   \   00002C   8009         SJMP    ??SampleApp_HandleKeys_1
    364              }
    365              else
    366              {
    367                // Add to the flash group
    368                aps_AddGroup( SAMPLEAPP_ENDPOINT, &SampleApp_Group );
   \                     ??SampleApp_HandleKeys_2:
   \   00002E                ; Setup parameters for call to function aps_AddGroup
   \   00002E   7A..         MOV     R2,#SampleApp_Group & 0xff
   \   000030   7B..         MOV     R3,#(SampleApp_Group >> 8) & 0xff
   \   000032   7914         MOV     R1,#0x14
   \   000034   12....       LCALL   ??aps_AddGroup?relay
    369              }
    370            }
    371          }
   \                     ??SampleApp_HandleKeys_1:
   \   000037                REQUIRE ?Subroutine0
   \   000037                ; // Fall through to label ?Subroutine0

   \                                 In  segment BANKED_CODE, align 1, keep-with-next
   \                     ?Subroutine0:
   \   000000   7F02         MOV     R7,#0x2
   \   000002   02....       LJMP    ?BANKED_LEAVE_XDATA
    372          
    373          /*********************************************************************
    374           * LOCAL FUNCTIONS
    375           */
    376          
    377          /*********************************************************************
    378           * @fn      SampleApp_MessageMSGCB
    379           *
    380           * @brief   Data message processor callback.  This function processes
    381           *          any incoming data - probably from other devices.  So, based
    382           *          on cluster ID, perform the intended action.
    383           *
    384           * @param   none
    385           *
    386           * @return  none
    387           */

   \                                 In  segment BANKED_CODE, align 1, keep-with-next
    388          void SampleApp_MessageMSGCB( afIncomingMSGPacket_t *pkt )
   \                     SampleApp_MessageMSGCB:
    389          {
   \   000000   74F6         MOV     A,#-0xa
   \   000002   12....       LCALL   ?BANKED_ENTER_XDATA
   \   000005                ; Saved register size: 10
   \   000005                ; Auto size: 0
    390            uint16 flashTime;
    391            
    392            switch ( pkt->clusterId )
   \   000005   EA           MOV     A,R2
   \   000006   2421         ADD     A,#0x21
   \   000008   F8           MOV     R0,A
   \   000009   EB           MOV     A,R3
   \   00000A   3400         ADDC    A,#0x0
   \   00000C   F9           MOV     R1,A
   \   00000D   E8           MOV     A,R0
   \   00000E   FE           MOV     R6,A
   \   00000F   E9           MOV     A,R1
   \   000010   FF           MOV     R7,A
   \   000011   8A82         MOV     DPL,R2
   \   000013   8B83         MOV     DPH,R3
   \   000015   A3           INC     DPTR
   \   000016   A3           INC     DPTR
   \   000017   A3           INC     DPTR
   \   000018   A3           INC     DPTR
   \   000019   E0           MOVX    A,@DPTR
   \   00001A   F5..         MOV     ?V0 + 0,A
   \   00001C   A3           INC     DPTR
   \   00001D   E0           MOVX    A,@DPTR
   \   00001E   F5..         MOV     ?V0 + 1,A
   \   000020   78..         MOV     R0,#?V0 + 0
   \   000022   12....       LCALL   ?US_SWITCH_DENSE
   \                     `?<Jumptable for SampleApp_MessageMSGCB>_0`:
   \   000025   0200         DW        2
   \   000027   02           DB        2
   \   000028   ....         DW        ??SampleApp_MessageMSGCB_0
   \   00002A   ....         DW        ??SampleApp_MessageMSGCB_1
   \   00002C   ....         DW        ??SampleApp_MessageMSGCB_0
   \   00002E   ....         DW        ??SampleApp_MessageMSGCB_2
    393            {
    394              case SAMPLEAPP_P2P_CLUSTERID:
    395                #if defined(ZDO_COORDINATOR)
    396                {
    397                  HalUARTWrite(0, pkt->cmd.Data, osal_strlen(pkt->cmd.Data));
                                                                    ^
Warning[Pe167]: argument of type "unsigned char *" is incompatible with
          parameter of type "char *"
   \                     ??SampleApp_MessageMSGCB_2:
   \   000030                ; Setup parameters for call to function osal_strlen
   \   000030   8E82         MOV     DPL,R6
   \   000032   8F83         MOV     DPH,R7
   \   000034   E0           MOVX    A,@DPTR
   \   000035   FA           MOV     R2,A
   \   000036   A3           INC     DPTR
   \   000037   E0           MOVX    A,@DPTR
   \   000038   FB           MOV     R3,A
   \   000039   12....       LCALL   ??osal_strlen?relay
   \   00003C   8A..         MOV     ?V0 + 0,R2
   \   00003E   8B..         MOV     ?V0 + 1,R3
   \   000040   AC..         MOV     R4,?V0 + 0
   \   000042   AD..         MOV     R5,?V0 + 1
   \   000044                ; Setup parameters for call to function HalUARTWrite
   \   000044   8E82         MOV     DPL,R6
   \   000046   8F83         MOV     DPH,R7
   \   000048   E0           MOVX    A,@DPTR
   \   000049   FA           MOV     R2,A
   \   00004A   A3           INC     DPTR
   \   00004B   E0           MOVX    A,@DPTR
   \   00004C   FB           MOV     R3,A
   \   00004D   12....       LCALL   ?Subroutine2 & 0xFFFF
    398                  HalUARTWrite(0, "\n", 1);
    399                }
    400                #else
    401                #endif
    402          
    403                break;    
   \                     ??CrossCallReturnLabel_0:
   \   000050   8035         SJMP    ??SampleApp_MessageMSGCB_0
    404              case SAMPLEAPP_PERIODIC_CLUSTERID:
    405                break;
    406          
    407              case SAMPLEAPP_FLASH_CLUSTERID:
    408                flashTime = BUILD_UINT16(pkt->cmd.Data[1], pkt->cmd.Data[2] );
    409                HalLedBlink( HAL_LED_4, 4, 50, (flashTime / 4) );
   \                     ??SampleApp_MessageMSGCB_1:
   \   000052   8E82         MOV     DPL,R6
   \   000054   8F83         MOV     DPH,R7
   \   000056   E0           MOVX    A,@DPTR
   \   000057   F8           MOV     R0,A
   \   000058   A3           INC     DPTR
   \   000059   E0           MOVX    A,@DPTR
   \   00005A   F9           MOV     R1,A
   \   00005B                ; Setup parameters for call to function HalLedBlink
   \   00005B   8882         MOV     DPL,R0
   \   00005D   8983         MOV     DPH,R1
   \   00005F   A3           INC     DPTR
   \   000060   E0           MOVX    A,@DPTR
   \   000061   FA           MOV     R2,A
   \   000062   8882         MOV     DPL,R0
   \   000064   8983         MOV     DPH,R1
   \   000066   A3           INC     DPTR
   \   000067   A3           INC     DPTR
   \   000068   E0           MOVX    A,@DPTR
   \   000069   F9           MOV     R1,A
   \   00006A   EA           MOV     A,R2
   \   00006B   2400         ADD     A,#0x0
   \   00006D   F5..         MOV     ?V0 + 0,A
   \   00006F   E4           CLR     A
   \   000070   39           ADDC    A,R1
   \   000071   F5..         MOV     ?V0 + 1,A
   \   000073   7402         MOV     A,#0x2
   \   000075   78..         MOV     R0,#?V0 + 0
   \   000077   12....       LCALL   ?US_SHR
   \   00007A   AC..         MOV     R4,?V0 + 0
   \   00007C   AD..         MOV     R5,?V0 + 1
   \   00007E   7B32         MOV     R3,#0x32
   \   000080   7A04         MOV     R2,#0x4
   \   000082   7908         MOV     R1,#0x8
   \   000084   12....       LCALL   ??HalLedBlink?relay
    410                break;
    411            }
    412          }
   \                     ??SampleApp_MessageMSGCB_0:
   \   000087   02....       LJMP    ?Subroutine0 & 0xFFFF

   \                                 In  segment BANKED_CODE, align 1, keep-with-next
   \                     ?Subroutine2:
   \   000000   7900         MOV     R1,#0x0
   \   000002   12....       LCALL   ??HalUARTWrite?relay
   \   000005                ; Setup parameters for call to function HalUARTWrite
   \   000005                ; Setup parameters for call to function HalUARTWrite
   \   000005   7C01         MOV     R4,#0x1
   \   000007   7D00         MOV     R5,#0x0
   \   000009   7A..         MOV     R2,#`?<Constant "\\n">` & 0xff
   \   00000B   7B..         MOV     R3,#(`?<Constant "\\n">` >> 8) & 0xff
   \   00000D   7900         MOV     R1,#0x0
   \   00000F   12....       LCALL   ??HalUARTWrite?relay
   \   000012   22           RET
    413          
    414          /*********************************************************************
    415           * @fn      SampleApp_Send_P2P_Message
    416           *
    417           * @brief   point to point.
    418           *
    419           * @param   none
    420           *
    421           * @return  none
    422           */

   \                                 In  segment BANKED_CODE, align 1, keep-with-next
    423          void SampleApp_Send_P2P_Message( void )
   \                     SampleApp_Send_P2P_Message:
    424          {
   \   000000   74F1         MOV     A,#-0xf
   \   000002   12....       LCALL   ?BANKED_ENTER_XDATA
   \   000005                ; Saved register size: 15
   \   000005                ; Auto size: 53
   \   000005   74CB         MOV     A,#-0x35
   \   000007   12....       LCALL   ?ALLOC_XSTACK8
    425            byte state[2], temp[3], humidity[3], light[2], strTemp[26];
    426          
    427            DHT11();             //获取温湿度
   \   00000A                ; Setup parameters for call to function DHT11
   \   00000A   12....       LCALL   ??DHT11?relay
    428          
    429            //将温湿度的转换成字符串,供LCD显示  
    430            temp[0] = wendu_shi+0x30;
   \   00000D   90....       MOV     DPTR,#wendu_shi
   \   000010   E0           MOVX    A,@DPTR
   \   000011   2430         ADD     A,#0x30
   \   000013   C0E0         PUSH    A
   \   000015   7407         MOV     A,#0x7
   \   000017   12....       LCALL   ?XSTACK_DISP0_8
   \   00001A   D0E0         POP     A
   \   00001C   F0           MOVX    @DPTR,A
    431            temp[1] = wendu_ge+0x30;
   \   00001D   90....       MOV     DPTR,#wendu_ge
   \   000020   E0           MOVX    A,@DPTR
   \   000021   2430         ADD     A,#0x30
   \   000023   C0E0         PUSH    A
   \   000025   7408         MOV     A,#0x8
   \   000027   12....       LCALL   ?XSTACK_DISP0_8
   \   00002A   D0E0         POP     A
   \   00002C   F0           MOVX    @DPTR,A
    432            temp[2] = '\0';
   \   00002D   7409         MOV     A,#0x9
   \   00002F   12....       LCALL   ?XSTACK_DISP0_8
   \   000032   E4           CLR     A
   \   000033   F0           MOVX    @DPTR,A
    433            humidity[0] = shidu_shi+0x30;
   \   000034   90....       MOV     DPTR,#shidu_shi
   \   000037   E0           MOVX    A,@DPTR
   \   000038   2430         ADD     A,#0x30
   \   00003A   C0E0         PUSH    A
   \   00003C   7404         MOV     A,#0x4
   \   00003E   12....       LCALL   ?XSTACK_DISP0_8
   \   000041   D0E0         POP     A
   \   000043   F0           MOVX    @DPTR,A
    434            humidity[1] = shidu_ge+0x30;
   \   000044   90....       MOV     DPTR,#shidu_ge
   \   000047   E0           MOVX    A,@DPTR
   \   000048   2430         ADD     A,#0x30
   \   00004A   C0E0         PUSH    A
   \   00004C   7405         MOV     A,#0x5
   \   00004E   12....       LCALL   ?XSTACK_DISP0_8
   \   000051   D0E0         POP     A
   \   000053   F0           MOVX    @DPTR,A
    435            humidity[2] = '\0';
   \   000054   7406         MOV     A,#0x6
   \   000056   12....       LCALL   ?XSTACK_DISP0_8
   \   000059   E4           CLR     A
   \   00005A   F0           MOVX    @DPTR,A
    436            
    437            if(G_PIN == 1)
   \   00005B   A285         MOV     C,0x80.5
   \   00005D   5015         JNC     ??SampleApp_Send_P2P_Message_0
    438            { 
    439              MicroWait (10000);     // Wait 10ms
   \   00005F                ; Setup parameters for call to function Onboard_wait
   \   00005F   7A10         MOV     R2,#0x10
   \   000061   7B27         MOV     R3,#0x27
   \   000063   12....       LCALL   ??Onboard_wait?relay
    440              if(G_PIN == 1)    //当光敏电阻处于黑暗中时P0.5高电平
   \   000066   A285         MOV     C,0x80.5
   \   000068   500A         JNC     ??SampleApp_Send_P2P_Message_0
    441              {
    442                light[0] = 0x31;
   \   00006A   85..82       MOV     DPL,?XSP + 0
   \   00006D   85..83       MOV     DPH,?XSP + 1
   \   000070   7431         MOV     A,#0x31
   \   000072   8008         SJMP    ??SampleApp_Send_P2P_Message_1
    443              }else
    444              {
    445                light[0] = 0x30;
   \                     ??SampleApp_Send_P2P_Message_0:
   \   000074   85..82       MOV     DPL,?XSP + 0
   \   000077   85..83       MOV     DPH,?XSP + 1
   \   00007A   7430         MOV     A,#0x30
   \                     ??SampleApp_Send_P2P_Message_1:
   \   00007C   F0           MOVX    @DPTR,A
    446              }
    447            }else
    448            {
    449              light[0] = 0x30;
    450            }
    451            light[1] = '\0';
   \   00007D   7401         MOV     A,#0x1
   \   00007F   12....       LCALL   ?XSTACK_DISP0_8
   \   000082   E4           CLR     A
   \   000083   F0           MOVX    @DPTR,A
    452            
    453            if(H_PIN == 1)
   \   000084   A284         MOV     C,0x80.4
   \   000086   5014         JNC     ??SampleApp_Send_P2P_Message_2
    454            { 
    455              MicroWait (10000);     // Wait 10ms
   \   000088                ; Setup parameters for call to function Onboard_wait
   \   000088   7A10         MOV     R2,#0x10
   \   00008A   7B27         MOV     R3,#0x27
   \   00008C   12....       LCALL   ??Onboard_wait?relay
    456              if(H_PIN == 1)
   \   00008F   A284         MOV     C,0x80.4
   \   000091   5009         JNC     ??SampleApp_Send_P2P_Message_2
    457              {
    458                state[0] = 0x31;       //有人进入
   \   000093   7402         MOV     A,#0x2
   \   000095   12....       LCALL   ?XSTACK_DISP0_8
   \   000098   7431         MOV     A,#0x31
   \   00009A   8007         SJMP    ??SampleApp_Send_P2P_Message_3
    459              }else
    460              {
    461                state[0] = 0x30;
   \                     ??SampleApp_Send_P2P_Message_2:
   \   00009C   7402         MOV     A,#0x2
   \   00009E   12....       LCALL   ?XSTACK_DISP0_8
   \   0000A1   7430         MOV     A,#0x30
   \                     ??SampleApp_Send_P2P_Message_3:
   \   0000A3   F0           MOVX    @DPTR,A
    462              }
    463            }  
    464            else 
    465            {  
    466              state[0] = 0x30;      
    467            }
    468            state[1] = '\0';
   \   0000A4   7403         MOV     A,#0x3
   \   0000A6   12....       LCALL   ?XSTACK_DISP0_8
   \   0000A9   E4           CLR     A
   \   0000AA   F0           MOVX    @DPTR,A
    469            
    470            //将数据整合后方便发给协调器显示
    471            osal_memcpy(strTemp, temp, 2);
   \   0000AB                ; Setup parameters for call to function osal_memcpy
   \   0000AB   7407         MOV     A,#0x7
   \   0000AD   12....       LCALL   ?XSTACK_DISP0_8
   \   0000B0   A982         MOV     R1,DPL
   \   0000B2   AA83         MOV     R2,DPH
   \   0000B4   89..         MOV     ?V0 + 0,R1
   \   0000B6   8A..         MOV     ?V0 + 1,R2
   \   0000B8   75..00       MOV     ?V0 + 2,#0x0
   \   0000BB   78..         MOV     R0,#?V0 + 0
   \   0000BD   12....       LCALL   ?PUSH_XSTACK_I_THREE
   \   0000C0   7C02         MOV     R4,#0x2
   \   0000C2   7D00         MOV     R5,#0x0
   \   0000C4   740D         MOV     A,#0xd
   \   0000C6   12....       LCALL   ?XSTACK_DISP0_8
   \   0000C9   12....       LCALL   ?Subroutine1 & 0xFFFF
   \                     ??CrossCallReturnLabel_6:
   \   0000CC   12....       LCALL   ?DEALLOC_XSTACK8
    472            osal_memcpy(&strTemp[2], "#", 1);
   \   0000CF   75....       MOV     ?V0 + 0,#`?<Constant "#">` & 0xff
   \   0000D2   75....       MOV     ?V0 + 1,#(`?<Constant "#">` >> 8) & 0xff
   \   0000D5                ; Setup parameters for call to function osal_memcpy
   \   0000D5   78..         MOV     R0,#?V0 + 0
   \   0000D7   12....       LCALL   ?PUSH_XSTACK_I_THREE
   \   0000DA   7C01         MOV     R4,#0x1
   \   0000DC   7D00         MOV     R5,#0x0
   \   0000DE   740F         MOV     A,#0xf
   \   0000E0   12....       LCALL   ?XSTACK_DISP0_8
   \   0000E3   12....       LCALL   ?Subroutine1 & 0xFFFF
   \                     ??CrossCallReturnLabel_7:
   \   0000E6   12....       LCALL   ?DEALLOC_XSTACK8
    473            osal_memcpy(&strTemp[3], humidity, 2);
   \   0000E9                ; Setup parameters for call to function osal_memcpy
   \   0000E9   7404         MOV     A,#0x4
   \   0000EB   12....       LCALL   ?XSTACK_DISP0_8
   \   0000EE   A982         MOV     R1,DPL
   \   0000F0   AA83         MOV     R2,DPH
   \   0000F2   89..         MOV     ?V0 + 4,R1
   \   0000F4   8A..         MOV     ?V0 + 5,R2
   \   0000F6   75..00       MOV     ?V0 + 6,#0x0
   \   0000F9   78..         MOV     R0,#?V0 + 4
   \   0000FB   12....       LCALL   ?PUSH_XSTACK_I_THREE
   \   0000FE   7C02         MOV     R4,#0x2
   \   000100   7D00         MOV     R5,#0x0
   \   000102   7410         MOV     A,#0x10
   \   000104   12....       LCALL   ?XSTACK_DISP0_8
   \   000107   12....       LCALL   ?Subroutine1 & 0xFFFF
   \                     ??CrossCallReturnLabel_8:
   \   00010A   12....       LCALL   ?DEALLOC_XSTACK8
    474            osal_memcpy(&strTemp[5], "#", 1);
   \   00010D                ; Setup parameters for call to function osal_memcpy
   \   00010D   78..         MOV     R0,#?V0 + 0
   \   00010F   12....       LCALL   ?PUSH_XSTACK_I_THREE
   \   000112   7C01         MOV     R4,#0x1
   \   000114   7D00         MOV     R5,#0x0
   \   000116   7412         MOV     A,#0x12
   \   000118   12....       LCALL   ?XSTACK_DISP0_8
   \   00011B   12....       LCALL   ?Subroutine1 & 0xFFFF
   \                     ??CrossCallReturnLabel_9:
   \   00011E   12....       LCALL   ?DEALLOC_XSTACK8
    475            osal_memcpy(&strTemp[6], state, 1);
   \   000121                ; Setup parameters for call to function osal_memcpy
   \   000121   7402         MOV     A,#0x2
   \   000123   12....       LCALL   ?XSTACK_DISP0_8
   \   000126   A982         MOV     R1,DPL
   \   000128   AA83         MOV     R2,DPH
   \   00012A   89..         MOV     ?V0 + 4,R1
   \   00012C   8A..         MOV     ?V0 + 5,R2
   \   00012E   78..         MOV     R0,#?V0 + 4
   \   000130   12....       LCALL   ?PUSH_XSTACK_I_THREE
   \   000133   7C01         MOV     R4,#0x1
   \   000135   7D00         MOV     R5,#0x0
   \   000137   7413         MOV     A,#0x13
   \   000139   12....       LCALL   ?XSTACK_DISP0_8
   \   00013C   12....       LCALL   ?Subroutine1 & 0xFFFF
   \                     ??CrossCallReturnLabel_10:
   \   00013F   12....       LCALL   ?DEALLOC_XSTACK8
    476            osal_memcpy(&strTemp[7], "#", 1);
   \   000142                ; Setup parameters for call to function osal_memcpy
   \   000142   78..         MOV     R0,#?V0 + 0
   \   000144   12....       LCALL   ?PUSH_XSTACK_I_THREE
   \   000147   7C01         MOV     R4,#0x1
   \   000149   7D00         MOV     R5,#0x0
   \   00014B   7414         MOV     A,#0x14
   \   00014D   12....       LCALL   ?XSTACK_DISP0_8
   \   000150   12....       LCALL   ?Subroutine1 & 0xFFFF
   \                     ??CrossCallReturnLabel_11:
   \   000153   12....       LCALL   ?DEALLOC_XSTACK8
    477            osal_memcpy(&strTemp[8], light, 1);
   \   000156                ; Setup parameters for call to function osal_memcpy
   \   000156   85..82       MOV     DPL,?XSP + 0
   \   000159   85..83       MOV     DPH,?XSP + 1
   \   00015C   A982         MOV     R1,DPL
   \   00015E   AA83         MOV     R2,DPH
   \   000160   89..         MOV     ?V0 + 0,R1
   \   000162   8A..         MOV     ?V0 + 1,R2
   \   000164   78..         MOV     R0,#?V0 + 0
   \   000166   12....       LCALL   ?PUSH_XSTACK_I_THREE
   \   000169   7C01         MOV     R4,#0x1
   \   00016B   7D00         MOV     R5,#0x0
   \   00016D   7415         MOV     A,#0x15
   \   00016F   12....       LCALL   ?XSTACK_DISP0_8
   \   000172   12....       LCALL   ?Subroutine1 & 0xFFFF
   \                     ??CrossCallReturnLabel_12:
   \   000175   12....       LCALL   ?DEALLOC_XSTACK8
    478            //发送IEEE地址
    479            uint8 strIeeeAddr[17] = {0};
   \   000178   90....       MOV     DPTR,#`?<Constant {0}>`
   \   00017B   C082         PUSH    DPL
   \   00017D   7424         MOV     A,#0x24
   \   00017F   12....       LCALL   ?XSTACK_DISP0_8
   \   000182   AC82         MOV     R4,DPL
   \   000184   AD83         MOV     R5,DPH
   \   000186   7583..       MOV     DPH,#(`?<Constant {0}>` >> 8) & 0xff
   \   000189   D082         POP     DPL
   \   00018B   7411         MOV     A,#0x11
   \   00018D   12....       LCALL   ?MOVE_LONG8_XDATA_XDATA
    480            GetIeeeAddr(aExtendedAddress + Z_EXTADDR_LEN - 1, strIeeeAddr);
   \   000190                ; Setup parameters for call to function GetIeeeAddr
   \   000190   7424         MOV     A,#0x24
   \   000192   12....       LCALL   ?XSTACK_DISP0_8
   \   000195   AC82         MOV     R4,DPL
   \   000197   AD83         MOV     R5,DPH
   \   000199   7A..         MOV     R2,#(aExtendedAddress + 7) & 0xff
   \   00019B   7B..         MOV     R3,#((aExtendedAddress + 7) >> 8) & 0xff
   \   00019D   12....       LCALL   ??GetIeeeAddr?relay
    481            osal_memcpy(&strTemp[9], strIeeeAddr, 16);
   \   0001A0                ; Setup parameters for call to function osal_memcpy
   \   0001A0   7424         MOV     A,#0x24
   \   0001A2   12....       LCALL   ?XSTACK_DISP0_8
   \   0001A5   A982         MOV     R1,DPL
   \   0001A7   AA83         MOV     R2,DPH
   \   0001A9   89..         MOV     ?V0 + 0,R1
   \   0001AB   8A..         MOV     ?V0 + 1,R2
   \   0001AD   78..         MOV     R0,#?V0 + 0
   \   0001AF   12....       LCALL   ?PUSH_XSTACK_I_THREE
   \   0001B2   7C10         MOV     R4,#0x10
   \   0001B4   7D00         MOV     R5,#0x0
   \   0001B6   7416         MOV     A,#0x16
   \   0001B8   12....       LCALL   ?XSTACK_DISP0_8
   \   0001BB   12....       LCALL   ?Subroutine1 & 0xFFFF
   \                     ??CrossCallReturnLabel_13:
   \   0001BE   12....       LCALL   ?DEALLOC_XSTACK8
    482            strTemp[25] = '\0';
   \   0001C1   7423         MOV     A,#0x23
   \   0001C3   12....       LCALL   ?XSTACK_DISP0_8
   \   0001C6   E4           CLR     A
   \   0001C7   F0           MOVX    @DPTR,A
    483            
    484            //获得的温湿度通过串口输出到电脑显示
    485            //HalUARTWrite(0, strTemp, 9);
    486            //HalUARTWrite(0, "\n",1);
    487           
    488            if ( AF_DataRequest( &SampleApp_P2P_DstAddr, &SampleApp_epDesc,
    489                                 SAMPLEAPP_P2P_CLUSTERID,
    490                                 (byte)osal_strlen( strTemp ) + 1,
                                                           ^
Warning[Pe167]: argument of type "unsigned char *" is incompatible with
          parameter of type "char *"
    491                                 (byte *)strTemp,
    492                                 &SampleApp_TransID,
    493                                 AF_DISCV_ROUTE,
    494                                 AF_DEFAULT_RADIUS ) == afStatus_SUCCESS )
   \   0001C8                ; Setup parameters for call to function AF_DataRequest
   \   0001C8   75..1E       MOV     ?V0 + 0,#0x1e
   \   0001CB   78..         MOV     R0,#?V0 + 0
   \   0001CD   12....       LCALL   ?PUSH_XSTACK_I_ONE
   \   0001D0   75....       MOV     ?V0 + 0,#SampleApp_TransID & 0xff
   \   0001D3   75....       MOV     ?V0 + 1,#(SampleApp_TransID >> 8) & 0xff
   \   0001D6   78..         MOV     R0,#?V0 + 0
   \   0001D8   12....       LCALL   ?PUSH_XSTACK_I_TWO
   \   0001DB   740D         MOV     A,#0xd
   \   0001DD   12....       LCALL   ?XSTACK_DISP0_8
   \   0001E0   8582..       MOV     ?V0 + 0,DPL
   \   0001E3   8583..       MOV     ?V0 + 1,DPH
   \   0001E6   78..         MOV     R0,#?V0 + 0
   \   0001E8   12....       LCALL   ?PUSH_XSTACK_I_TWO
   \   0001EB                ; Setup parameters for call to function osal_strlen
   \   0001EB   740F         MOV     A,#0xf
   \   0001ED   12....       LCALL   ?XSTACK_DISP0_8
   \   0001F0   AA82         MOV     R2,DPL
   \   0001F2   AB83         MOV     R3,DPH
   \   0001F4   12....       LCALL   ??osal_strlen?relay
   \   0001F7   EA           MOV     A,R2
   \   0001F8   2401         ADD     A,#0x1
   \   0001FA   F5..         MOV     ?V0 + 0,A
   \   0001FC   E4           CLR     A
   \   0001FD   3400         ADDC    A,#0x0
   \   0001FF   F5..         MOV     ?V0 + 1,A
   \   000201   78..         MOV     R0,#?V0 + 0
   \   000203   12....       LCALL   ?PUSH_XSTACK_I_TWO
   \   000206   75..04       MOV     ?V0 + 0,#0x4
   \   000209   75..00       MOV     ?V0 + 1,#0x0
   \   00020C   78..         MOV     R0,#?V0 + 0
   \   00020E   12....       LCALL   ?PUSH_XSTACK_I_TWO
   \   000211   7920         MOV     R1,#0x20
   \   000213   7C..         MOV     R4,#SampleApp_epDesc & 0xff
   \   000215   7D..         MOV     R5,#(SampleApp_epDesc >> 8) & 0xff
   \   000217   7A..         MOV     R2,#SampleApp_P2P_DstAddr & 0xff
   \   000219   7B..         MOV     R3,#(SampleApp_P2P_DstAddr >> 8) & 0xff
   \   00021B   12....       LCALL   ??AF_DataRequest?relay
   \   00021E   7409         MOV     A,#0x9
   \   000220   12....       LCALL   ?DEALLOC_XSTACK8
    495            {
    496            }
    497            else
    498            {
    499              // Error occurred in request to send.
    500            }
    501          }
   \   000223   7435         MOV     A,#0x35
   \   000225   12....       LCALL   ?DEALLOC_XSTACK8
   \   000228   7F07         MOV     R7,#0x7
   \   00022A   02....       LJMP    ?BANKED_LEAVE_XDATA
   \   00022D                REQUIRE _A_P0

   \                                 In  segment BANKED_CODE, align 1, keep-with-next
   \                     ?Subroutine1:
   \   000000   AA82         MOV     R2,DPL
   \   000002   AB83         MOV     R3,DPH
   \   000004                REQUIRE ??Subroutine5_0
   \   000004                ; // Fall through to label ??Subroutine5_0
    502          

   \                                 In  segment BANKED_CODE, align 1, keep-with-next
    503          void SendSelfAddrToUART()
   \                     SendSelfAddrToUART:
    504          {
   \   000000   C082         PUSH    DPL
   \   000002   C083         PUSH    DPH
   \   000004                ; Saved register size: 2
   \   000004                ; Auto size: 17
   \   000004   74EF         MOV     A,#-0x11
   \   000006   12....       LCALL   ?ALLOC_XSTACK8
    505            uint8 strIeeeAddr[17] = {0};
   \   000009   85..82       MOV     DPL,?XSP + 0
   \   00000C   85..83       MOV     DPH,?XSP + 1
   \   00000F   AC82         MOV     R4,DPL
   \   000011   AD83         MOV     R5,DPH
   \   000013   7583..       MOV     DPH,#(`?<Constant {0}>_1` >> 8) & 0xff
   \   000016   7582..       MOV     DPL,#`?<Constant {0}>_1` & 0xff
   \   000019   7411         MOV     A,#0x11
   \   00001B   12....       LCALL   ?MOVE_LONG8_XDATA_XDATA
    506            GetIeeeAddr(aExtendedAddress + Z_EXTADDR_LEN - 1, strIeeeAddr);
   \   00001E                ; Setup parameters for call to function GetIeeeAddr
   \   00001E   85..82       MOV     DPL,?XSP + 0
   \   000021   85..83       MOV     DPH,?XSP + 1
   \   000024   AC82         MOV     R4,DPL
   \   000026   AD83         MOV     R5,DPH
   \   000028   7A..         MOV     R2,#(aExtendedAddress + 7) & 0xff
   \   00002A   7B..         MOV     R3,#((aExtendedAddress + 7) >> 8) & 0xff
   \   00002C   12....       LCALL   ??GetIeeeAddr?relay
    507          
    508            HalUARTWrite(0, strIeeeAddr, osal_strlen(strIeeeAddr));
                                                            ^
Warning[Pe167]: argument of type "unsigned char *" is incompatible with
          parameter of type "char *"
   \   00002F                ; Setup parameters for call to function HalUARTWrite
   \   00002F                ; Setup parameters for call to function osal_strlen
   \   00002F   85..82       MOV     DPL,?XSP + 0
   \   000032   85..83       MOV     DPH,?XSP + 1
   \   000035   AA82         MOV     R2,DPL
   \   000037   AB83         MOV     R3,DPH
   \   000039   12....       LCALL   ??osal_strlen?relay
   \   00003C   EA           MOV     A,R2
   \   00003D   FC           MOV     R4,A
   \   00003E   EB           MOV     A,R3
   \   00003F   FD           MOV     R5,A
   \   000040   85..82       MOV     DPL,?XSP + 0
   \   000043   85..83       MOV     DPH,?XSP + 1
   \   000046   AA82         MOV     R2,DPL
   \   000048   AB83         MOV     R3,DPH
   \   00004A   12....       LCALL   ?Subroutine2 & 0xFFFF
    509            HalUARTWrite(0, "\n", 1);
    510          }
   \                     ??CrossCallReturnLabel_1:
   \   00004D   7411         MOV     A,#0x11
   \   00004F   12....       LCALL   ?DEALLOC_XSTACK8
   \   000052   D083         POP     DPH
   \   000054   D082         POP     DPL
   \   000056   02....       LJMP    ?BRET
    511          

   \                                 In  segment BANKED_CODE, align 1, keep-with-next
    512          void GetIeeeAddr(uint8 * pIeeeAddr, uint8 *pStr)
   \                     GetIeeeAddr:
    513          {
   \   000000   74F6         MOV     A,#-0xa
   \   000002   12....       LCALL   ?BANKED_ENTER_XDATA
   \   000005                ; Saved register size: 10
   \   000005                ; Auto size: 0
   \   000005   EA           MOV     A,R2
   \   000006   F8           MOV     R0,A
   \   000007   EB           MOV     A,R3
   \   000008   F9           MOV     R1,A
    514            uint8 i;
    515            uint8 *xad = pIeeeAddr;
    516          
    517            for (i = 0; i < Z_EXTADDR_LEN*2; xad--)
   \   000009   75..00       MOV     ?V0 + 0,#0x0
    518            {
    519              uint8 ch;
    520              ch = (*xad >> 4) & 0x0F;
   \                     ??GetIeeeAddr_0:
   \   00000C   8882         MOV     DPL,R0
   \   00000E   8983         MOV     DPH,R1
   \   000010   E0           MOVX    A,@DPTR
   \   000011   C4           SWAP    A
   \   000012   12....       LCALL   ?Subroutine3 & 0xFFFF
    521              *pStr++ = ch + (( ch < 10 ) ? '0' : '7');
   \                     ??CrossCallReturnLabel_2:
   \   000015   AC82         MOV     R4,DPL
   \   000017   AD83         MOV     R5,DPH
   \   000019   E5..         MOV     A,?V0 + 1
   \   00001B   C3           CLR     C
   \   00001C   940A         SUBB    A,#0xa
   \   00001E   5004         JNC     ??GetIeeeAddr_1
   \   000020   7E30         MOV     R6,#0x30
   \   000022   8002         SJMP    ??GetIeeeAddr_2
   \                     ??GetIeeeAddr_1:
   \   000024   7E37         MOV     R6,#0x37
   \                     ??GetIeeeAddr_2:
   \   000026   12....       LCALL   ?Subroutine4 & 0xFFFF
    522              i++;
    523              ch = *xad & 0x0F;
   \                     ??CrossCallReturnLabel_4:
   \   000029   8882         MOV     DPL,R0
   \   00002B   8983         MOV     DPH,R1
   \   00002D   E0           MOVX    A,@DPTR
   \   00002E   12....       LCALL   ?Subroutine3 & 0xFFFF
    524              *pStr++ = ch + (( ch < 10 ) ? '0' : '7');
    525              i++;
    526            }
   \                     ??CrossCallReturnLabel_3:
   \   000031   0C           INC     R4
   \   000032   AD83         MOV     R5,DPH
   \   000034   E5..         MOV     A,?V0 + 1
   \   000036   C3           CLR     C
   \   000037   940A         SUBB    A,#0xa
   \   000039   5004         JNC     ??GetIeeeAddr_3
   \   00003B   7E30         MOV     R6,#0x30
   \   00003D   8002         SJMP    ??GetIeeeAddr_4
   \                     ??GetIeeeAddr_3:
   \   00003F   7E37         MOV     R6,#0x37
   \                     ??GetIeeeAddr_4:
   \   000041   12....       LCALL   ?Subroutine4 & 0xFFFF
   \                     ??CrossCallReturnLabel_5:
   \   000044   E8           MOV     A,R0
   \   000045   24FF         ADD     A,#-0x1
   \   000047   18           DEC     R0
   \   000048   E9           MOV     A,R1
   \   000049   34FF         ADDC    A,#-0x1
   \   00004B   F9           MOV     R1,A
   \   00004C   E5..         MOV     A,?V0 + 0
   \   00004E   C3           CLR     C
   \   00004F   9410         SUBB    A,#0x10
   \   000051   40B9         JC      ??GetIeeeAddr_0
    527          }
   \   000053   02....       LJMP    ?Subroutine0 & 0xFFFF

   \                                 In  segment BANKED_CODE, align 1, keep-with-next
   \                     ?Subroutine4:
   \   000000   EE           MOV     A,R6
   \   000001   25..         ADD     A,?V0 + 1
   \   000003   8A82         MOV     DPL,R2
   \   000005   8B83         MOV     DPH,R3
   \   000007   F0           MOVX    @DPTR,A
   \   000008   05..         INC     ?V0 + 0
   \   00000A   22           RET

   \                                 In  segment BANKED_CODE, align 1, keep-with-next
   \                     ?Subroutine3:
   \   000000   540F         ANL     A,#0xf
   \   000002   F5..         MOV     ?V0 + 1,A
   \   000004   EC           MOV     A,R4
   \   000005   FA           MOV     R2,A
   \   000006   ED           MOV     A,R5
   \   000007   FB           MOV     R3,A
   \   000008   8A82         MOV     DPL,R2
   \   00000A   8B83         MOV     DPH,R3
   \   00000C   A3           INC     DPTR
   \   00000D   22           RET

   \                                 In  segment BANK_RELAYS, align 1
   \                     ??SampleApp_Init?relay:
   \   000000   12....       LCALL   ?BDISPATCH
   \   000003   ......       DC24    SampleApp_Init

   \                                 In  segment BANK_RELAYS, align 1
   \                     ??SampleApp_ProcessEvent?relay:
   \   000000   12....       LCALL   ?BDISPATCH
   \   000003   ......       DC24    SampleApp_ProcessEvent

   \                                 In  segment BANK_RELAYS, align 1
   \                     ??SampleApp_HandleKeys?relay:
   \   000000   12....       LCALL   ?BDISPATCH
   \   000003   ......       DC24    SampleApp_HandleKeys

   \                                 In  segment BANK_RELAYS, align 1
   \                     ??SampleApp_MessageMSGCB?relay:
   \   000000   12....       LCALL   ?BDISPATCH
   \   000003   ......       DC24    SampleApp_MessageMSGCB

   \                                 In  segment BANK_RELAYS, align 1
   \                     ??SampleApp_Send_P2P_Message?relay:
   \   000000   12....       LCALL   ?BDISPATCH
   \   000003   ......       DC24    SampleApp_Send_P2P_Message

   \                                 In  segment BANK_RELAYS, align 1
   \                     ??SendSelfAddrToUART?relay:
   \   000000   12....       LCALL   ?BDISPATCH
   \   000003   ......       DC24    SendSelfAddrToUART

   \                                 In  segment BANK_RELAYS, align 1
   \                     ??GetIeeeAddr?relay:
   \   000000   12....       LCALL   ?BDISPATCH
   \   000003   ......       DC24    GetIeeeAddr

   \                                 In  segment XDATA_ROM_C, align 1
   \                     `?<Constant "Group 1">`:
   \   000000   47726F75     DB "Group 1"
   \            70203100

   \                                 In  segment XDATA_ROM_C, align 1
   \                     `?<Constant "SampleApp">`:
   \   000000   53616D70     DB "SampleApp"
   \            6C654170
   \            7000    

   \                                 In  segment XDATA_ROM_C, align 1
   \                     `?<Constant "\\n">`:
   \   000000   0A00         DB "\012"

   \                                 In  segment XDATA_ROM_C, align 1
   \                     `?<Constant "#">`:
   \   000000   2300         DB "#"

   \                                 In  segment XDATA_ROM_C, align 1
   \                     `?<Constant {0}>`:
   \   000000   00           DB 0
   \   000001   00000000     DB 0, 0, 0, 0, 0, 0, 0, 0
   \            00000000
   \   000009   00000000     DB 0, 0, 0, 0, 0, 0, 0, 0
   \            00000000

   \                                 In  segment XDATA_ROM_C, align 1
   \                     `?<Constant {0}>_1`:
   \   000000   00           DB 0
   \   000001   00000000     DB 0, 0, 0, 0, 0, 0, 0, 0
   \            00000000
   \   000009   00000000     DB 0, 0, 0, 0, 0, 0, 0, 0
   \            00000000
    528          /*********************************************************************
    529          *********************************************************************/

   Maximum stack usage in bytes:

     Function                       ISTACK PSTACK XSTACK
     --------                       ------ ------ ------
     GetIeeeAddr                        1      0     78
     SampleApp_HandleKeys               0      0     22
       -> SendSelfAddrToUART            0      0     20
       -> aps_FindGroup                 0      0     20
       -> aps_RemoveGroup               0      0     20
       -> aps_AddGroup                  0      0     20
     SampleApp_Init                     0      0     14
       -> MT_UartInit                   0      0     22
       -> MT_UartRegisterTaskID         0      0     22
       -> afRegister                    0      0     22
       -> RegisterForKeys               0      0     22
       -> osal_memcpy                   0      0     28
       -> aps_AddGroup                  0      0     22
       -> HalLcdWriteString             0      0     22
     SampleApp_MessageMSGCB             0      0     22
       -> osal_strlen                   0      0     20
       -> HalUARTWrite                  0      0     20
       -> HalUARTWrite                  0      0     20
       -> HalLedBlink                   0      0     20
     SampleApp_ProcessEvent             0      0     12
       -> osal_msg_receive              0      0     24
       -> osal_start_timerEx            0      0     24
       -> osal_msg_deallocate           0      0     24
       -> osal_msg_receive              0      0     24
       -> SampleApp_HandleKeys          0      0     24
       -> SampleApp_MessageMSGCB        0      0     24
       -> SampleApp_Send_P2P_Message
                                        0      0     24
       -> osal_rand                     0      0     24
       -> osal_start_timerEx            0      0     24
     SampleApp_Send_P2P_Message         2      0     89
       -> DHT11                         0      0    136
       -> Onboard_wait                  0      0    136
       -> Onboard_wait                  0      0    136
       -> osal_memcpy                   0      0    142
       -> osal_memcpy                   0      0    142
       -> osal_memcpy                   0      0    142
       -> osal_memcpy                   0      0    142
       -> osal_memcpy                   0      0    142
       -> osal_memcpy                   0      0    142
       -> osal_memcpy                   0      0    142
       -> GetIeeeAddr                   0      0    136
       -> osal_memcpy                   0      0    142
       -> osal_strlen                   0      0    146
       -> AF_DataRequest                0      0    154
     SendSelfAddrToUART                 4      0     27
       -> GetIeeeAddr                   4      0     34
       -> osal_strlen                   4      0     34
       -> HalUARTWrite                  4      0     34
       -> HalUARTWrite                  4      0     34


   Segment part sizes:

     Function/Label                     Bytes
     --------------                     -----
     _A_P0                                 1
     P0SEL                                 1
     SampleApp_ClusterList                 4
     SampleApp_SimpleDesc                 12
     SampleApp_epDesc                      6
     SampleApp_TaskID                      1
     SampleApp_NwkState                    1
     SampleApp_TransID                     1
     SampleApp_P2P_DstAddr                12
     SampleApp_Group                      18
     SampleAppPeriodicCounter              1
     SampleAppFlashCounter                 1
     SampleApp_Init                      149
     ??Subroutine5_0                       6
     SampleApp_ProcessEvent              176
     SampleApp_HandleKeys                 55
     ?Subroutine0                          5
     SampleApp_MessageMSGCB              138
     ?Subroutine2                         19
     SampleApp_Send_P2P_Message          557
     ?Subroutine1                          4
     SendSelfAddrToUART                   89
     GetIeeeAddr                          86
     ?Subroutine4                         11
     ?Subroutine3                         14
     ??SampleApp_Init?relay                6
     ??SampleApp_ProcessEvent?relay        6
     ??SampleApp_HandleKeys?relay          6
     ??SampleApp_MessageMSGCB?relay        6
     ??SampleApp_Send_P2P_Message?relay    6
     ??SendSelfAddrToUART?relay            6
     ??GetIeeeAddr?relay                   6
     ?<Constant "Group 1">                 8
     ?<Constant "SampleApp">              10
     ?<Constant "\n">                      2
     ?<Constant "#">                       2
     ?<Constant {0}>                      17
     ?<Constant {0}>_1                    17

 
 1 309 bytes in segment BANKED_CODE
    42 bytes in segment BANK_RELAYS
     2 bytes in segment SFR_AN
    72 bytes in segment XDATA_ROM_C
    41 bytes in segment XDATA_Z
 
 1 351 bytes of CODE  memory
    72 bytes of CONST memory
     0 bytes of DATA  memory (+ 2 bytes shared)
    41 bytes of XDATA memory

Errors: none
Warnings: 3
