###############################################################################
#                                                                             #
# IAR C/C++ Compiler V8.10.3.10338/W32 for 8051         27/May/2014  09:17:08 #
# Copyright 2004-2011 IAR Systems AB.                                         #
#                                                                             #
#    Core               =  plain                                              #
#    Code model         =  banked                                             #
#    Data model         =  large                                              #
#    Calling convention =  xdata reentrant                                    #
#    Constant location  =  data_rom                                           #
#    Dptr setup         =  1,16                                               #
#    Source file        =  E:\emb_workspace\LEHome_zigbee\Projects\zstack\Sam #
#                          ples\SampleApp\Source\SampleApp.c                  #
#    Command line       =  -f E:\emb_workspace\LEHome_zigbee\Projects\zstack\ #
#                          Samples\SampleApp\CC2530DB\..\..\..\Tools\CC2530DB #
#                          \f8wEndev.cfg (-DCPU32MHZ -DROOT=__near_func       #
#                          -DBLINK_LEDS) -f E:\emb_workspace\LEHome_zigbee\Pr #
#                          ojects\zstack\Samples\SampleApp\CC2530DB\..\..\..\ #
#                          Tools\CC2530DB\f8wConfig.cfg (-DSECURE=0           #
#                          -DZG_SECURE_DYNAMIC=0 -DREFLECTOR                  #
#                          -DDEFAULT_CHANLIST=0x00000800                      #
#                          -DZDAPP_CONFIG_PAN_ID=0xFFF1                       #
#                          -DNWK_START_DELAY=100 -DEXTENDED_JOINING_RANDOM_MA #
#                          SK=0x007F -DBEACON_REQUEST_DELAY=100               #
#                          -DBEACON_REQ_DELAY_MASK=0x00FF                     #
#                          -DROUTE_EXPIRY_TIME=30 -DAPSC_ACK_WAIT_DURATION_PO #
#                          LLED=3000 -DNWK_INDIRECT_MSG_TIMEOUT=7             #
#                          -DMAX_RREQ_ENTRIES=8 -DAPSC_MAX_FRAME_RETRIES=3    #
#                          -DNWK_MAX_DATA_RETRIES=2                           #
#                          -DMAX_POLL_FAILURE_RETRIES=2 -DMAX_BCAST=9         #
#                          -DAPS_MAX_GROUPS=16 -DMAX_RTG_ENTRIES=40           #
#                          -DNWK_MAX_BINDING_ENTRIES=4                        #
#                          -DMAX_BINDING_CLUSTER_IDS=4 "-DDEFAULT_KEY={0x01,  #
#                          0x03, 0x05, 0x07, 0x09, 0x0B, 0x0D, 0x0F, 0x00,    #
#                          0x02, 0x04, 0x06, 0x08, 0x0A, 0x0C, 0x0D}"         #
#                          -DMAC_MAX_FRAME_SIZE=116 "-DCONST=const __code"    #
#                          -DGENERIC=__generic -DRFD_RCVC_ALWAYS_ON=FALSE     #
#                          -DPOLL_RATE=1000 -DQUEUED_POLL_RATE=100            #
#                          -DRESPONSE_POLL_RATE=100) -DREJOIN_POLL_RATE=440   #
#                          E:\emb_workspace\LEHome_zigbee\Projects\zstack\Sam #
#                          ples\SampleApp\Source\SampleApp.c -D ZIGBEEPRO -D  #
#                          NWK_AUTO_POLL -D ZTOOL_P1 -D xMT_TASK -D           #
#                          xMT_SYS_FUNC -D xMT_ZDO_FUNC -D                    #
#                          LCD_SUPPORTED=DEBUG -lC E:\emb_workspace\LEHome_zi #
#                          gbee\Projects\zstack\Samples\SampleApp\CC2530DB\En #
#                          dDeviceEB-Pro\List\ -lA E:\emb_workspace\LEHome_zi #
#                          gbee\Projects\zstack\Samples\SampleApp\CC2530DB\En #
#                          dDeviceEB-Pro\List\ --diag_suppress Pe001,Pa010    #
#                          -o E:\emb_workspace\LEHome_zigbee\Projects\zstack\ #
#                          Samples\SampleApp\CC2530DB\EndDeviceEB-Pro\Obj\    #
#                          -e --debug --core=plain --dptr=16,1                #
#                          --data_model=large --code_model=banked             #
#                          --calling_convention=xdata_reentrant               #
#                          --place_constants=data_rom --nr_virtual_regs 16    #
#                          -I E:\emb_workspace\LEHome_zigbee\Projects\zstack\ #
#                          Samples\SampleApp\CC2530DB\ -I                     #
#                          E:\emb_workspace\LEHome_zigbee\Projects\zstack\Sam #
#                          ples\SampleApp\CC2530DB\..\SOURCE\ -I              #
#                          E:\emb_workspace\LEHome_zigbee\Projects\zstack\Sam #
#                          ples\SampleApp\CC2530DB\..\..\..\ZMAIN\TI2530DB\   #
#                          -I E:\emb_workspace\LEHome_zigbee\Projects\zstack\ #
#                          Samples\SampleApp\CC2530DB\..\..\..\..\..\COMPONEN #
#                          TS\MT\ -I E:\emb_workspace\LEHome_zigbee\Projects\ #
#                          zstack\Samples\SampleApp\CC2530DB\..\..\..\..\..\C #
#                          OMPONENTS\HAL\INCLUDE\ -I                          #
#                          E:\emb_workspace\LEHome_zigbee\Projects\zstack\Sam #
#                          ples\SampleApp\CC2530DB\..\..\..\..\..\COMPONENTS\ #
#                          HAL\TARGET\CC2530EB\ -I E:\emb_workspace\LEHome_zi #
#                          gbee\Projects\zstack\Samples\SampleApp\CC2530DB\.. #
#                          \..\..\..\..\COMPONENTS\OSAL\MCU\CCSOC\ -I         #
#                          E:\emb_workspace\LEHome_zigbee\Projects\zstack\Sam #
#                          ples\SampleApp\CC2530DB\..\..\..\..\..\COMPONENTS\ #
#                          OSAL\INCLUDE\ -I E:\emb_workspace\LEHome_zigbee\Pr #
#                          ojects\zstack\Samples\SampleApp\CC2530DB\..\..\..\ #
#                          ..\..\COMPONENTS\STACK\AF\ -I                      #
#                          E:\emb_workspace\LEHome_zigbee\Projects\zstack\Sam #
#                          ples\SampleApp\CC2530DB\..\..\..\..\..\COMPONENTS\ #
#                          STACK\NWK\ -I E:\emb_workspace\LEHome_zigbee\Proje #
#                          cts\zstack\Samples\SampleApp\CC2530DB\..\..\..\..\ #
#                          ..\COMPONENTS\STACK\SEC\ -I                        #
#                          E:\emb_workspace\LEHome_zigbee\Projects\zstack\Sam #
#                          ples\SampleApp\CC2530DB\..\..\..\..\..\COMPONENTS\ #
#                          STACK\SAPI\ -I E:\emb_workspace\LEHome_zigbee\Proj #
#                          ects\zstack\Samples\SampleApp\CC2530DB\..\..\..\.. #
#                          \..\COMPONENTS\STACK\SYS\ -I                       #
#                          E:\emb_workspace\LEHome_zigbee\Projects\zstack\Sam #
#                          ples\SampleApp\CC2530DB\..\..\..\..\..\COMPONENTS\ #
#                          STACK\ZDO\ -I E:\emb_workspace\LEHome_zigbee\Proje #
#                          cts\zstack\Samples\SampleApp\CC2530DB\..\..\..\..\ #
#                          ..\COMPONENTS\ZMAC\F8W\ -I                         #
#                          E:\emb_workspace\LEHome_zigbee\Projects\zstack\Sam #
#                          ples\SampleApp\CC2530DB\..\..\..\..\..\COMPONENTS\ #
#                          ZMAC\ -I E:\emb_workspace\LEHome_zigbee\Projects\z #
#                          stack\Samples\SampleApp\CC2530DB\..\..\..\..\..\CO #
#                          MPONENTS\SERVICES\SADDR\ -I                        #
#                          E:\emb_workspace\LEHome_zigbee\Projects\zstack\Sam #
#                          ples\SampleApp\CC2530DB\..\..\..\..\..\COMPONENTS\ #
#                          SERVICES\SDATA\ -I E:\emb_workspace\LEHome_zigbee\ #
#                          Projects\zstack\Samples\SampleApp\CC2530DB\..\..\. #
#                          .\..\..\COMPONENTS\MAC\INCLUDE\ -I                 #
#                          E:\emb_workspace\LEHome_zigbee\Projects\zstack\Sam #
#                          ples\SampleApp\CC2530DB\..\..\..\..\..\COMPONENTS\ #
#                          MAC\HIGH_LEVEL\ -I E:\emb_workspace\LEHome_zigbee\ #
#                          Projects\zstack\Samples\SampleApp\CC2530DB\..\..\. #
#                          .\..\..\COMPONENTS\MAC\LOW_LEVEL\srf04\ -I         #
#                          E:\emb_workspace\LEHome_zigbee\Projects\zstack\Sam #
#                          ples\SampleApp\CC2530DB\..\..\..\..\..\COMPONENTS\ #
#                          MAC\LOW_LEVEL\srf04\SINGLE_CHIP\ -Ohz              #
#                          --require_prototypes                               #
#    List file          =  E:\emb_workspace\LEHome_zigbee\Projects\zstack\Sam #
#                          ples\SampleApp\CC2530DB\EndDeviceEB-Pro\List\Sampl #
#                          eApp.lst                                           #
#    Object file        =  E:\emb_workspace\LEHome_zigbee\Projects\zstack\Sam #
#                          ples\SampleApp\CC2530DB\EndDeviceEB-Pro\Obj\Sample #
#                          App.r51                                            #
#                                                                             #
#                                                                             #
###############################################################################

E:\emb_workspace\LEHome_zigbee\Projects\zstack\Samples\SampleApp\Source\SampleApp.c
      1          /**************************************************************************************************
      2            Filename:       SampleApp.c
      3            Revised:        $Date: 2009-03-18 15:56:27 -0700 (Wed, 18 Mar 2009) $
      4            Revision:       $Revision: 19453 $
      5          
      6            Description:    Sample Application (no Profile).
      7          
      8          
      9            Copyright 2007 Texas Instruments Incorporated. All rights reserved.
     10          
     11            IMPORTANT: Your use of this Software is limited to those specific rights
     12            granted under the terms of a software license agreement between the user
     13            who downloaded the software, his/her employer (which must be your employer)
     14            and Texas Instruments Incorporated (the "License").  You may not use this
     15            Software unless you agree to abide by the terms of the License. The License
     16            limits your use, and you acknowledge, that the Software may not be modified,
     17            copied or distributed unless embedded on a Texas Instruments microcontroller
     18            or used solely and exclusively in conjunction with a Texas Instruments radio
     19            frequency transceiver, which is integrated into your product.  Other than for
     20            the foregoing purpose, you may not use, reproduce, copy, prepare derivative
     21            works of, modify, distribute, perform, display or sell this Software and/or
     22            its documentation for any purpose.
     23          
     24            YOU FURTHER ACKNOWLEDGE AND AGREE THAT THE SOFTWARE AND DOCUMENTATION ARE
     25            PROVIDED AS IS?WITHOUT WARRANTY OF ANY KIND, EITHER EXPRESS OR IMPLIED,
     26            INCLUDING WITHOUT LIMITATION, ANY WARRANTY OF MERCHANTABILITY, TITLE,
     27            NON-INFRINGEMENT AND FITNESS FOR A PARTICULAR PURPOSE. IN NO EVENT SHALL
     28            TEXAS INSTRUMENTS OR ITS LICENSORS BE LIABLE OR OBLIGATED UNDER CONTRACT,
     29            NEGLIGENCE, STRICT LIABILITY, CONTRIBUTION, BREACH OF WARRANTY, OR OTHER
     30            LEGAL EQUITABLE THEORY ANY DIRECT OR INDIRECT DAMAGES OR EXPENSES
     31            INCLUDING BUT NOT LIMITED TO ANY INCIDENTAL, SPECIAL, INDIRECT, PUNITIVE
     32            OR CONSEQUENTIAL DAMAGES, LOST PROFITS OR LOST DATA, COST OF PROCUREMENT
     33            OF SUBSTITUTE GOODS, TECHNOLOGY, SERVICES, OR ANY CLAIMS BY THIRD PARTIES
     34            (INCLUDING BUT NOT LIMITED TO ANY DEFENSE THEREOF), OR OTHER SIMILAR COSTS.
     35          
     36            Should you have any questions regarding your right to use this Software,
     37            contact Texas Instruments Incorporated at www.TI.com.
     38          **************************************************************************************************/
     39          
     40          /*********************************************************************
     41            This application isn't intended to do anything useful, it is
     42            intended to be a simple example of an application's structure.
     43          
     44            This application sends it's messages either as broadcast or
     45            broadcast filtered group messages.  The other (more normal)
     46            message addressing is unicast.  Most of the other sample
     47            applications are written to support the unicast message model.
     48          
     49            Key control:
     50              SW1:  Sends a flash command to all devices in Group 1.
     51              SW2:  Adds/Removes (toggles) this device in and out
     52                    of Group 1.  This will enable and disable the
     53                    reception of the flash command.
     54          *********************************************************************/
     55          
     56          /*********************************************************************
     57           * INCLUDES
     58           */
     59          #include "OSAL.h"
     60          #include "ZGlobals.h"
     61          #include "AF.h"
     62          #include "aps_groups.h"
     63          #include "ZDApp.h"
     64          
     65          #include "SampleApp.h"
     66          #include "SampleAppHw.h"
     67          
     68          #include "OnBoard.h"

   \                                 In  segment SFR_AN, at 0x80
   \   union <unnamed> volatile __sfr _A_P0
   \                     _A_P0:
   \   000000                DS 1

   \                                 In  segment SFR_AN, at 0x88
   \   union <unnamed> volatile __sfr _A_TCON
   \                     _A_TCON:
   \   000000                DS 1

   \                                 In  segment SFR_AN, at 0xb6
   \   unsigned char volatile __sfr ADCCON3
   \                     ADCCON3:
   \   000000                DS 1

   \                                 In  segment SFR_AN, at 0xba
   \   unsigned char volatile __sfr ADCL
   \                     ADCL:
   \   000000                DS 1

   \                                 In  segment SFR_AN, at 0xbb
   \   unsigned char volatile __sfr ADCH
   \                     ADCH:
   \   000000                DS 1

   \                                 In  segment SFR_AN, at 0xf3
   \   unsigned char volatile __sfr P0SEL
   \                     P0SEL:
   \   000000                DS 1

   \                                 In  segment SFR_AN, at 0xfd
   \   unsigned char volatile __sfr P0DIR
   \                     P0DIR:
   \   000000                DS 1
     69          
     70          /* HAL */
     71          #include "hal_lcd.h"
     72          #include "hal_led.h"
     73          #include "hal_key.h"
     74          #include "MT_UART.h"
     75          #include "MT_APP.h"
     76          #include "MT.h"
     77          #include "DHT11.h"
     78          
     79          #include "hal_adc.h"
     80          #include <stdio.h>
     81          /*********************************************************************
     82           * MACROS
     83           */
     84          #define H_PIN P0_4            //定义P0.4口为传感器的输入端
     85          #define G_PIN P0_5            //定义P0.5口为传感器的输入端
     86          
     87          #define HAL_ADC_DEC_064     0x00    /* Decimate by 64 : 8-bit resolution */
     88          #define HAL_ADC_DEC_128     0x10    /* Decimate by 128 : 10-bit resolution */
     89          #define HAL_ADC_DEC_256     0x20    /* Decimate by 256 : 12-bit resolution */
     90          #define HAL_ADC_DEC_512     0x30    /* Decimate by 512 : 14-bit resolution */
     91          #define HAL_ADC_DEC_BITS    0x30    /* Bits [5:4] */
     92          /*********************************************************************
     93           * CONSTANTS
     94           */
     95          
     96          /*********************************************************************
     97           * TYPEDEFS
     98           */
     99          
    100          /*********************************************************************
    101           * GLOBAL VARIABLES
    102           */
    103          
    104          // This list should be filled with Application specific Cluster IDs.

   \                                 In  segment XDATA_ROM_C, align 1
    105          const cId_t SampleApp_ClusterList[SAMPLEAPP_MAX_CLUSTERS] =
   \                     SampleApp_ClusterList:
   \   000000   0100         DW 1
   \   000002   0200         DW 2
    106          {
    107            SAMPLEAPP_PERIODIC_CLUSTERID,
    108            SAMPLEAPP_FLASH_CLUSTERID
    109          };
    110          

   \                                 In  segment XDATA_ROM_C, align 1
    111          const SimpleDescriptionFormat_t SampleApp_SimpleDesc =
   \                     SampleApp_SimpleDesc:
   \   000000   14           DB 20
   \   000001   080F         DW 3848
   \   000003   0100         DW 1
   \   000005   00           DB 0
   \   000006   02           DB 2
   \   000007   ....         DW SampleApp_ClusterList
   \   000009   02           DB 2
   \   00000A   ....         DW SampleApp_ClusterList
    112          {
    113            SAMPLEAPP_ENDPOINT,              //  int Endpoint;
    114            SAMPLEAPP_PROFID,                //  uint16 AppProfId[2];
    115            SAMPLEAPP_DEVICEID,              //  uint16 AppDeviceId[2];
    116            SAMPLEAPP_DEVICE_VERSION,        //  int   AppDevVer:4;
    117            SAMPLEAPP_FLAGS,                 //  int   AppFlags:4;
    118            SAMPLEAPP_MAX_CLUSTERS,          //  uint8  AppNumInClusters;
    119            (cId_t *)SampleApp_ClusterList,  //  uint8 *pAppInClusterList;
    120            SAMPLEAPP_MAX_CLUSTERS,          //  uint8  AppNumInClusters;
    121            (cId_t *)SampleApp_ClusterList   //  uint8 *pAppInClusterList;
    122          };
    123          
    124          // This is the Endpoint/Interface description.  It is defined here, but
    125          // filled-in in SampleApp_Init().  Another way to go would be to fill
    126          // in the structure here and make it a "const" (in code space).  The
    127          // way it's defined in this sample app it is define in RAM.

   \                                 In  segment XDATA_Z, align 1, keep-with-next
    128          endPointDesc_t SampleApp_epDesc;
   \                     SampleApp_epDesc:
   \   000000                DS 6
   \   000006                REQUIRE __INIT_XDATA_Z
    129          
    130          /*********************************************************************
    131           * EXTERNAL VARIABLES
    132           */
    133          
    134          /*********************************************************************
    135           * EXTERNAL FUNCTIONS
    136           */
    137          
    138          /*********************************************************************
    139           * LOCAL VARIABLES
    140           */

   \                                 In  segment XDATA_Z, align 1, keep-with-next
    141          uint8 SampleApp_TaskID;   // Task ID for internal task/event processing
   \                     SampleApp_TaskID:
   \   000000                DS 1
   \   000001                REQUIRE __INIT_XDATA_Z
    142                                    // This variable will be received when
    143                                    // SampleApp_Init() is called.

   \                                 In  segment XDATA_Z, align 1, keep-with-next
    144          devStates_t SampleApp_NwkState;
   \                     SampleApp_NwkState:
   \   000000                DS 1
   \   000001                REQUIRE __INIT_XDATA_Z
    145          

   \                                 In  segment XDATA_Z, align 1, keep-with-next
    146          uint8 SampleApp_TransID;  // This is the unique message ID (counter)
   \                     SampleApp_TransID:
   \   000000                DS 1
   \   000001                REQUIRE __INIT_XDATA_Z
    147          

   \                                 In  segment XDATA_Z, align 1, keep-with-next
    148          afAddrType_t SampleApp_P2P_DstAddr;      //点播
   \                     SampleApp_P2P_DstAddr:
   \   000000                DS 12
   \   00000C                REQUIRE __INIT_XDATA_Z
    149          

   \                                 In  segment XDATA_Z, align 1, keep-with-next
    150          aps_Group_t SampleApp_Group;
   \                     SampleApp_Group:
   \   000000                DS 18
   \   000012                REQUIRE __INIT_XDATA_Z
    151          

   \                                 In  segment XDATA_Z, align 1, keep-with-next
    152          uint8 SampleAppPeriodicCounter = 0;
   \                     SampleAppPeriodicCounter:
   \   000000                DS 1
   \   000001                REQUIRE __INIT_XDATA_Z

   \                                 In  segment XDATA_Z, align 1, keep-with-next
    153          uint8 SampleAppFlashCounter = 0;
   \                     SampleAppFlashCounter:
   \   000000                DS 1
   \   000001                REQUIRE __INIT_XDATA_Z
    154          
    155          /*********************************************************************
    156           * LOCAL FUNCTIONS
    157           */
    158          void SampleApp_HandleKeys( uint8 shift, uint8 keys );
    159          void SampleApp_MessageMSGCB( afIncomingMSGPacket_t *pckt );
    160          void SampleApp_Send_P2P_Message(void);
    161          void rxCB(uint8 port,uint8 event);
    162          
    163          uint16 ReadLightData( void );
    164          void SendSelfAddrToUART(void);
    165          static void GetIeeeAddr(uint8 * pIeeeAddr, uint8 *pStr);
    166          void PowerSaving(void);
    167          /*********************************************************************
    168           * NETWORK LAYER CALLBACKS
    169           */
    170          
    171          /*********************************************************************
    172           * PUBLIC FUNCTIONS
    173           */
    174          
    175          /*********************************************************************
    176           * @fn      SampleApp_Init
    177           *
    178           * @brief   Initialization function for the Generic App Task.
    179           *          This is called during initialization and should contain
    180           *          any application specific initialization (ie. hardware
    181           *          initialization/setup, table initialization, power up
    182           *          notificaiton ... ).
    183           *
    184           * @param   task_id - the ID assigned by OSAL.  This ID should be
    185           *                    used to send messages and set timers.
    186           *
    187           * @return  none
    188           */

   \                                 In  segment BANKED_CODE, align 1, keep-with-next
    189          void SampleApp_Init( uint8 task_id )
   \                     SampleApp_Init:
    190          { 
   \   000000   74F5         MOV     A,#-0xb
   \   000002   12....       LCALL   ?BANKED_ENTER_XDATA
   \   000005                ; Saved register size: 11
   \   000005                ; Auto size: 0
   \   000005   E9           MOV     A,R1
   \   000006   FE           MOV     R6,A
    191            SampleApp_TaskID = task_id;
   \   000007   90....       MOV     DPTR,#SampleApp_TaskID
   \   00000A   F0           MOVX    @DPTR,A
    192            SampleApp_NwkState = DEV_INIT;
   \   00000B   90....       MOV     DPTR,#SampleApp_NwkState
   \   00000E   7401         MOV     A,#0x1
   \   000010   F0           MOVX    @DPTR,A
    193            SampleApp_TransID = 0;
   \   000011   90....       MOV     DPTR,#SampleApp_TransID
   \   000014   E4           CLR     A
   \   000015   F0           MOVX    @DPTR,A
    194            
    195            MT_UartInit();                  //串口初始化
   \   000016                ; Setup parameters for call to function MT_UartInit
   \   000016   12....       LCALL   ??MT_UartInit?relay
    196            MT_UartRegisterTaskID(task_id); //注册串口任务
   \   000019                ; Setup parameters for call to function MT_UartRegisterTaskID
   \   000019   EE           MOV     A,R6
   \   00001A   F9           MOV     R1,A
   \   00001B   12....       LCALL   ??MT_UartRegisterTaskID?relay
    197            P0SEL &= ~0xb0;                  //P0_7, P0_4, P0_5配置成通用io
   \   00001E   53F34F       ANL     0xf3,#0x4f
    198            
    199            // Device hardware initialization can be added here or in main() (Zmain.c).
    200            // If the hardware is application specific - add it here.
    201            // If the hardware is other parts of the device add it in main().
    202          
    203           #if defined ( BUILD_ALL_DEVICES )
    204            // The "Demo" target is setup to have BUILD_ALL_DEVICES and HOLD_AUTO_START
    205            // We are looking at a jumper (defined in SampleAppHw.c) to be jumpered
    206            // together - if they are - we will start up a coordinator. Otherwise,
    207            // the device will start as a router.
    208            if ( readCoordinatorJumper() )
    209              zgDeviceLogicalType = ZG_DEVICETYPE_COORDINATOR;
    210            else
    211              zgDeviceLogicalType = ZG_DEVICETYPE_ROUTER;
    212          #endif // BUILD_ALL_DEVICES
    213          
    214          #if defined ( HOLD_AUTO_START )
    215            // HOLD_AUTO_START is a compile option that will surpress ZDApp
    216            //  from starting the device and wait for the application to
    217            //  start the device.
    218            ZDOInitDevice(0);
    219          #endif
    220            
    221            SampleApp_P2P_DstAddr.addrMode = (afAddrMode_t)Addr16Bit; //点播 
   \   000021   90....       MOV     DPTR,#SampleApp_P2P_DstAddr + 8
   \   000024   7402         MOV     A,#0x2
   \   000026   F0           MOVX    @DPTR,A
    222            SampleApp_P2P_DstAddr.endPoint = SAMPLEAPP_ENDPOINT; 
   \   000027   A3           INC     DPTR
   \   000028   7414         MOV     A,#0x14
   \   00002A   F0           MOVX    @DPTR,A
    223            SampleApp_P2P_DstAddr.addr.shortAddr = 0x0000;            //发给协调器
   \   00002B   90....       MOV     DPTR,#SampleApp_P2P_DstAddr
   \   00002E   E4           CLR     A
   \   00002F   F0           MOVX    @DPTR,A
   \   000030   A3           INC     DPTR
   \   000031   F0           MOVX    @DPTR,A
    224          
    225            // Fill out the endpoint description.
    226            SampleApp_epDesc.endPoint = SAMPLEAPP_ENDPOINT;
   \   000032   90....       MOV     DPTR,#SampleApp_epDesc
   \   000035   7414         MOV     A,#0x14
   \   000037   F0           MOVX    @DPTR,A
    227            SampleApp_epDesc.task_id = &SampleApp_TaskID;
   \   000038   A3           INC     DPTR
   \   000039   74..         MOV     A,#SampleApp_TaskID & 0xff
   \   00003B   F0           MOVX    @DPTR,A
   \   00003C   A3           INC     DPTR
   \   00003D   74..         MOV     A,#(SampleApp_TaskID >> 8) & 0xff
   \   00003F   F0           MOVX    @DPTR,A
    228            SampleApp_epDesc.simpleDesc
    229                      = (SimpleDescriptionFormat_t *)&SampleApp_SimpleDesc;
   \   000040   A3           INC     DPTR
   \   000041   74..         MOV     A,#SampleApp_SimpleDesc & 0xff
   \   000043   F0           MOVX    @DPTR,A
   \   000044   A3           INC     DPTR
   \   000045   74..         MOV     A,#(SampleApp_SimpleDesc >> 8) & 0xff
   \   000047   F0           MOVX    @DPTR,A
    230            SampleApp_epDesc.latencyReq = noLatencyReqs;
   \   000048   A3           INC     DPTR
   \   000049   E4           CLR     A
   \   00004A   F0           MOVX    @DPTR,A
    231          
    232            // Register the endpoint description with the AF
    233            afRegister( &SampleApp_epDesc );
   \   00004B                ; Setup parameters for call to function afRegister
   \   00004B   7A..         MOV     R2,#SampleApp_epDesc & 0xff
   \   00004D   7B..         MOV     R3,#(SampleApp_epDesc >> 8) & 0xff
   \   00004F   12....       LCALL   ??afRegister?relay
    234          
    235            // Register for all key events - This app will handle all key events
    236            RegisterForKeys( SampleApp_TaskID );
   \   000052                ; Setup parameters for call to function RegisterForKeys
   \   000052   90....       MOV     DPTR,#SampleApp_TaskID
   \   000055   E0           MOVX    A,@DPTR
   \   000056   F9           MOV     R1,A
   \   000057   12....       LCALL   ??RegisterForKeys?relay
    237          
    238            // By default, all devices start out in Group 1
    239            SampleApp_Group.ID = 0x0001;
   \   00005A   90....       MOV     DPTR,#SampleApp_Group
   \   00005D   7401         MOV     A,#0x1
   \   00005F   F0           MOVX    @DPTR,A
   \   000060   A3           INC     DPTR
   \   000061   E4           CLR     A
   \   000062   F0           MOVX    @DPTR,A
    240            osal_memcpy( SampleApp_Group.name, "Group 1", 7 );
   \   000063                ; Setup parameters for call to function osal_memcpy
   \   000063   75....       MOV     ?V0 + 0,#`?<Constant "Group 1">` & 0xff
   \   000066   75....       MOV     ?V0 + 1,#(`?<Constant "Group 1">` >> 8) & 0xff
   \   000069   F5..         MOV     ?V0 + 2,A
   \   00006B   78..         MOV     R0,#?V0 + 0
   \   00006D   12....       LCALL   ?PUSH_XSTACK_I_THREE
   \   000070   7C07         MOV     R4,#0x7
   \   000072   7D00         MOV     R5,#0x0
   \   000074   7A..         MOV     R2,#(SampleApp_Group + 2) & 0xff
   \   000076   7B..         MOV     R3,#((SampleApp_Group + 2) >> 8) & 0xff
   \   000078   12....       LCALL   ??Subroutine5_0 & 0xFFFF
   \                     ??CrossCallReturnLabel_13:
   \   00007B   12....       LCALL   ?DEALLOC_XSTACK8
    241            aps_AddGroup( SAMPLEAPP_ENDPOINT, &SampleApp_Group );
   \   00007E                ; Setup parameters for call to function aps_AddGroup
   \   00007E   7A..         MOV     R2,#SampleApp_Group & 0xff
   \   000080   7B..         MOV     R3,#(SampleApp_Group >> 8) & 0xff
   \   000082   7914         MOV     R1,#0x14
   \   000084   12....       LCALL   ??aps_AddGroup?relay
    242          
    243          #if defined ( LCD_SUPPORTED )
    244            HalLcdWriteString( "SampleApp", HAL_LCD_LINE_1 );
   \   000087                ; Setup parameters for call to function HalLcdWriteString
   \   000087   7901         MOV     R1,#0x1
   \   000089   7A..         MOV     R2,#`?<Constant "SampleApp">` & 0xff
   \   00008B   7B..         MOV     R3,#(`?<Constant "SampleApp">` >> 8) & 0xff
   \   00008D   12....       LCALL   ??HalLcdWriteString?relay
    245          #endif
    246          }
   \   000090   7F03         MOV     R7,#0x3
   \   000092   02....       LJMP    ?BANKED_LEAVE_XDATA
   \   000095                REQUIRE P0SEL

   \                                 In  segment BANKED_CODE, align 1, keep-with-next
   \                     ??Subroutine5_0:
   \   000000   12....       LCALL   ??osal_memcpy?relay
   \   000003   7403         MOV     A,#0x3
   \   000005   22           RET
    247          
    248          /*********************************************************************
    249           * @fn      SampleApp_ProcessEvent
    250           *
    251           * @brief   Generic Application Task event processor.  This function
    252           *          is called to process all events for the task.  Events
    253           *          include timers, messages and any other user defined events.
    254           *
    255           * @param   task_id  - The OSAL assigned task ID.
    256           * @param   events - events to process.  This is a bit map and can
    257           *                   contain more than one event.
    258           *
    259           * @return  none
    260           */

   \                                 In  segment BANKED_CODE, align 1, keep-with-next
    261          uint16 SampleApp_ProcessEvent( uint8 task_id, uint16 events )
   \                     SampleApp_ProcessEvent:
    262          {
   \   000000   74F4         MOV     A,#-0xc
   \   000002   12....       LCALL   ?BANKED_ENTER_XDATA
   \   000005                ; Saved register size: 12
   \   000005                ; Auto size: 0
   \   000005   EA           MOV     A,R2
   \   000006   FE           MOV     R6,A
   \   000007   EB           MOV     A,R3
   \   000008   FF           MOV     R7,A
    263            afIncomingMSGPacket_t *MSGpkt;
    264            (void)task_id;  // Intentionally unreferenced parameter
    265          
    266            if ( events & SYS_EVENT_MSG )
   \   000009   5480         ANL     A,#0x80
   \   00000B   6074         JZ      ??SampleApp_ProcessEvent_0
    267            {
    268              MSGpkt = (afIncomingMSGPacket_t *)osal_msg_receive( SampleApp_TaskID );
   \   00000D                ; Setup parameters for call to function osal_msg_receive
   \   00000D   8026         SJMP    ??SampleApp_ProcessEvent_1
    269              while ( MSGpkt )
    270              {
    271                switch ( MSGpkt->hdr.event )
    272                {
    273                  // Received when a key is pressed
    274                  case KEY_CHANGE:
    275                    SampleApp_HandleKeys( ((keyChange_t *)MSGpkt)->state, ((keyChange_t *)MSGpkt)->keys );
    276                    break;
    277          
    278                  // Received when a messages is received (OTA) for this endpoint
    279                  case AF_INCOMING_MSG_CMD:
    280                    SampleApp_MessageMSGCB( MSGpkt );
    281                    break;
    282          
    283                  // Received whenever the device changes state in the network
    284                  case ZDO_STATE_CHANGE:
    285                    SampleApp_NwkState = (devStates_t)(MSGpkt->hdr.status);
   \                     ??SampleApp_ProcessEvent_2:
   \   00000F   A3           INC     DPTR
   \   000010   E0           MOVX    A,@DPTR
   \   000011   90....       MOV     DPTR,#SampleApp_NwkState
   \   000014   F0           MOVX    @DPTR,A
    286                    if ( //(SampleApp_NwkState == DEV_ZB_COORD) ||
    287                           (SampleApp_NwkState == DEV_ROUTER)
    288                        || (SampleApp_NwkState == DEV_END_DEVICE) )
   \   000015   6407         XRL     A,#0x7
   \   000017   6005         JZ      ??SampleApp_ProcessEvent_3
   \   000019   E0           MOVX    A,@DPTR
   \   00001A   6406         XRL     A,#0x6
   \   00001C   7010         JNZ     ??SampleApp_ProcessEvent_4
    289                    {
    290                      // Start sending the periodic message in a regular interval.
    291                      //PowerSaving();
    292                      osal_start_timerEx( SampleApp_TaskID,
    293                                        SAMPLEAPP_SEND_PERIODIC_MSG_EVT,
    294                                        SAMPLEAPP_SEND_PERIODIC_MSG_TIMEOUT );
   \                     ??SampleApp_ProcessEvent_3:
   \   00001E                ; Setup parameters for call to function osal_start_timerEx
   \   00001E   7CDC         MOV     R4,#-0x24
   \   000020   7D05         MOV     R5,#0x5
   \   000022   7A01         MOV     R2,#0x1
   \   000024   7B00         MOV     R3,#0x0
   \   000026   90....       MOV     DPTR,#SampleApp_TaskID
   \   000029   E0           MOVX    A,@DPTR
   \   00002A   F9           MOV     R1,A
   \   00002B   12....       LCALL   ??osal_start_timerEx?relay
    295                    }
    296                    else
    297                    {
    298                      // Device is no longer in the network
    299                    }
    300                    break;
    301          
    302                  default:
    303                    break;
    304                }
    305          
    306                // Release the memory
    307                osal_msg_deallocate( (uint8 *)MSGpkt );
   \                     ??SampleApp_ProcessEvent_4:
   \   00002E                ; Setup parameters for call to function osal_msg_deallocate
   \   00002E   AA..         MOV     R2,?V0 + 0
   \   000030   AB..         MOV     R3,?V0 + 1
   \   000032   12....       LCALL   ??osal_msg_deallocate?relay
    308          
    309                // Next - if one is available
    310                MSGpkt = (afIncomingMSGPacket_t *)osal_msg_receive( SampleApp_TaskID );
   \   000035                ; Setup parameters for call to function osal_msg_receive
   \                     ??SampleApp_ProcessEvent_1:
   \   000035   90....       MOV     DPTR,#SampleApp_TaskID
   \   000038   E0           MOVX    A,@DPTR
   \   000039   F9           MOV     R1,A
   \   00003A   12....       LCALL   ??osal_msg_receive?relay
   \   00003D   8A..         MOV     ?V0 + 0,R2
   \   00003F   8B..         MOV     ?V0 + 1,R3
   \   000041   E5..         MOV     A,?V0 + 0
   \   000043   45..         ORL     A,?V0 + 1
   \   000045   6032         JZ      ??SampleApp_ProcessEvent_5
   \   000047   85..82       MOV     DPL,?V0 + 0
   \   00004A   85..83       MOV     DPH,?V0 + 1
   \   00004D   E0           MOVX    A,@DPTR
   \   00004E   24E6         ADD     A,#-0x1a
   \   000050   601E         JZ      ??SampleApp_ProcessEvent_6
   \   000052   245A         ADD     A,#0x5a
   \   000054   6006         JZ      ??SampleApp_ProcessEvent_7
   \   000056   24EF         ADD     A,#-0x11
   \   000058   60B5         JZ      ??SampleApp_ProcessEvent_2
   \   00005A   80D2         SJMP    ??SampleApp_ProcessEvent_4
   \                     ??SampleApp_ProcessEvent_7:
   \   00005C                ; Setup parameters for call to function SampleApp_HandleKeys
   \   00005C   A3           INC     DPTR
   \   00005D   A3           INC     DPTR
   \   00005E   A3           INC     DPTR
   \   00005F   E0           MOVX    A,@DPTR
   \   000060   FA           MOV     R2,A
   \   000061   85..82       MOV     DPL,?V0 + 0
   \   000064   85..83       MOV     DPH,?V0 + 1
   \   000067   A3           INC     DPTR
   \   000068   A3           INC     DPTR
   \   000069   E0           MOVX    A,@DPTR
   \   00006A   F9           MOV     R1,A
   \   00006B   12....       LCALL   ??SampleApp_HandleKeys?relay
   \   00006E   80BE         SJMP    ??SampleApp_ProcessEvent_4
   \                     ??SampleApp_ProcessEvent_6:
   \   000070                ; Setup parameters for call to function SampleApp_MessageMSGCB
   \   000070   AA..         MOV     R2,?V0 + 0
   \   000072   AB..         MOV     R3,?V0 + 1
   \   000074   12....       LCALL   ??SampleApp_MessageMSGCB?relay
   \   000077   80B5         SJMP    ??SampleApp_ProcessEvent_4
    311              }
    312          
    313              // return unprocessed events
    314              return (events ^ SYS_EVENT_MSG);
   \                     ??SampleApp_ProcessEvent_5:
   \   000079   EE           MOV     A,R6
   \   00007A   FA           MOV     R2,A
   \   00007B   EF           MOV     A,R7
   \   00007C   6480         XRL     A,#0x80
   \                     ??SampleApp_ProcessEvent_8:
   \   00007E   FB           MOV     R3,A
   \   00007F   802A         SJMP    ??SampleApp_ProcessEvent_9
    315            }
    316          
    317            // Send a message out - This event is generated by a timer
    318            //  (setup in SampleApp_Init()).
    319            if ( events & SAMPLEAPP_SEND_PERIODIC_MSG_EVT )
   \                     ??SampleApp_ProcessEvent_0:
   \   000081   EE           MOV     A,R6
   \   000082   A2E0         MOV     C,0xE0 /* A   */.0
   \   000084   5021         JNC     ??SampleApp_ProcessEvent_10
    320            {
    321              // Send the periodic message
    322              SampleApp_Send_P2P_Message();
   \   000086                ; Setup parameters for call to function SampleApp_Send_P2P_Message
   \   000086   12....       LCALL   ??SampleApp_Send_P2P_Message?relay
    323          
    324              // Setup to send message again in normal period (+ a little jitter)
    325              osal_start_timerEx( SampleApp_TaskID, SAMPLEAPP_SEND_PERIODIC_MSG_EVT,
    326                  (SAMPLEAPP_SEND_PERIODIC_MSG_TIMEOUT + (osal_rand() & 0x00FF)) );
   \   000089                ; Setup parameters for call to function osal_rand
   \   000089   12....       LCALL   ??osal_rand?relay
   \   00008C                ; Setup parameters for call to function osal_start_timerEx
   \   00008C   EA           MOV     A,R2
   \   00008D   24DC         ADD     A,#-0x24
   \   00008F   FC           MOV     R4,A
   \   000090   E4           CLR     A
   \   000091   3405         ADDC    A,#0x5
   \   000093   FD           MOV     R5,A
   \   000094   7A01         MOV     R2,#0x1
   \   000096   7B00         MOV     R3,#0x0
   \   000098   90....       MOV     DPTR,#SampleApp_TaskID
   \   00009B   E0           MOVX    A,@DPTR
   \   00009C   F9           MOV     R1,A
   \   00009D   12....       LCALL   ??osal_start_timerEx?relay
    327          
    328              // return unprocessed events
    329              return (events ^ SAMPLEAPP_SEND_PERIODIC_MSG_EVT);
   \   0000A0   EE           MOV     A,R6
   \   0000A1   6401         XRL     A,#0x1
   \   0000A3   FA           MOV     R2,A
   \   0000A4   EF           MOV     A,R7
   \   0000A5   80D7         SJMP    ??SampleApp_ProcessEvent_8
    330            }
    331          
    332            // Discard unknown events
    333            return 0;
   \                     ??SampleApp_ProcessEvent_10:
   \   0000A7   7A00         MOV     R2,#0x0
   \   0000A9   7B00         MOV     R3,#0x0
   \                     ??SampleApp_ProcessEvent_9:
   \   0000AB   7F04         MOV     R7,#0x4
   \   0000AD   02....       LJMP    ?BANKED_LEAVE_XDATA
    334          }
    335          
    336          /*********************************************************************
    337           * Event Generation Functions
    338           */
    339          /*********************************************************************
    340           * @fn      SampleApp_HandleKeys
    341           *
    342           * @brief   Handles all key events for this device.
    343           *
    344           * @param   shift - true if in shift/alt.
    345           * @param   keys - bit field for key events. Valid entries:
    346           *                 HAL_KEY_SW_2
    347           *                 HAL_KEY_SW_1
    348           *
    349           * @return  none
    350           */

   \                                 In  segment BANKED_CODE, align 1, keep-with-next
    351          void SampleApp_HandleKeys( uint8 shift, uint8 keys )
   \                     SampleApp_HandleKeys:
    352          {
   \   000000   74F6         MOV     A,#-0xa
   \   000002   12....       LCALL   ?BANKED_ENTER_XDATA
   \   000005                ; Saved register size: 10
   \   000005                ; Auto size: 0
   \   000005   EA           MOV     A,R2
   \   000006   FE           MOV     R6,A
    353            (void)shift;  // Intentionally unreferenced parameter
    354            if ( keys & HAL_KEY_SW_6 )
   \   000007   A2E5         MOV     C,0xE0 /* A   */.5
   \   000009   5003         JNC     ??SampleApp_HandleKeys_0
    355            {
    356              SendSelfAddrToUART();
   \   00000B                ; Setup parameters for call to function SendSelfAddrToUART
   \   00000B   12....       LCALL   ??SendSelfAddrToUART?relay
    357            }
    358          
    359            if ( keys & HAL_KEY_SW_2 )
   \                     ??SampleApp_HandleKeys_0:
   \   00000E   EE           MOV     A,R6
   \   00000F   A2E1         MOV     C,0xE0 /* A   */.1
   \   000011   5024         JNC     ??SampleApp_HandleKeys_1
    360            {
    361              /* The Flashr Command is sent to Group 1.
    362               * This key toggles this device in and out of group 1.
    363               * If this device doesn't belong to group 1, this application
    364               * will not receive the Flash command sent to group 1.
    365               */
    366              aps_Group_t *grp;
    367              grp = aps_FindGroup( SAMPLEAPP_ENDPOINT, SAMPLEAPP_FLASH_GROUP );
    368              if ( grp )
   \   000013                ; Setup parameters for call to function aps_FindGroup
   \   000013   7A01         MOV     R2,#0x1
   \   000015   7B00         MOV     R3,#0x0
   \   000017   7914         MOV     R1,#0x14
   \   000019   12....       LCALL   ??aps_FindGroup?relay
   \   00001C   8B..         MOV     ?V0 + 1,R3
   \   00001E   EA           MOV     A,R2
   \   00001F   45..         ORL     A,?V0 + 1
   \   000021   600B         JZ      ??SampleApp_HandleKeys_2
    369              {
    370                // Remove from the group
    371                aps_RemoveGroup( SAMPLEAPP_ENDPOINT, SAMPLEAPP_FLASH_GROUP );
   \   000023                ; Setup parameters for call to function aps_RemoveGroup
   \   000023   7A01         MOV     R2,#0x1
   \   000025   7B00         MOV     R3,#0x0
   \   000027   7914         MOV     R1,#0x14
   \   000029   12....       LCALL   ??aps_RemoveGroup?relay
   \   00002C   8009         SJMP    ??SampleApp_HandleKeys_1
    372              }
    373              else
    374              {
    375                // Add to the flash group
    376                aps_AddGroup( SAMPLEAPP_ENDPOINT, &SampleApp_Group );
   \                     ??SampleApp_HandleKeys_2:
   \   00002E                ; Setup parameters for call to function aps_AddGroup
   \   00002E   7A..         MOV     R2,#SampleApp_Group & 0xff
   \   000030   7B..         MOV     R3,#(SampleApp_Group >> 8) & 0xff
   \   000032   7914         MOV     R1,#0x14
   \   000034   12....       LCALL   ??aps_AddGroup?relay
    377              }
    378            }
    379          }
   \                     ??SampleApp_HandleKeys_1:
   \   000037                REQUIRE ?Subroutine0
   \   000037                ; // Fall through to label ?Subroutine0

   \                                 In  segment BANKED_CODE, align 1, keep-with-next
   \                     ?Subroutine0:
   \   000000   7F02         MOV     R7,#0x2
   \   000002   02....       LJMP    ?BANKED_LEAVE_XDATA
    380          
    381          /*********************************************************************
    382           * LOCAL FUNCTIONS
    383           */
    384          
    385          /*********************************************************************
    386           * @fn      SampleApp_MessageMSGCB
    387           *
    388           * @brief   Data message processor callback.  This function processes
    389           *          any incoming data - probably from other devices.  So, based
    390           *          on cluster ID, perform the intended action.
    391           *
    392           * @param   none
    393           *
    394           * @return  none
    395           */

   \                                 In  segment BANKED_CODE, align 1, keep-with-next
    396          void SampleApp_MessageMSGCB( afIncomingMSGPacket_t *pkt )
   \                     SampleApp_MessageMSGCB:
    397          {
   \   000000   74F6         MOV     A,#-0xa
   \   000002   12....       LCALL   ?BANKED_ENTER_XDATA
   \   000005                ; Saved register size: 10
   \   000005                ; Auto size: 0
    398            uint16 flashTime;
    399            
    400            switch ( pkt->clusterId )
   \   000005   8A82         MOV     DPL,R2
   \   000007   8B83         MOV     DPH,R3
   \   000009   A3           INC     DPTR
   \   00000A   A3           INC     DPTR
   \   00000B   A3           INC     DPTR
   \   00000C   A3           INC     DPTR
   \   00000D   E0           MOVX    A,@DPTR
   \   00000E   6402         XRL     A,#0x2
   \   000010   7002         JNZ     ??SampleApp_MessageMSGCB_0
   \   000012   A3           INC     DPTR
   \   000013   E0           MOVX    A,@DPTR
   \                     ??SampleApp_MessageMSGCB_0:
   \   000014   703B         JNZ     ??SampleApp_MessageMSGCB_1
    401            {
    402              case SAMPLEAPP_P2P_CLUSTERID:
    403                #if defined(ZDO_COORDINATOR)
    404                {
    405                  HalUARTWrite(0, pkt->cmd.Data, osal_strlen(pkt->cmd.Data));
    406                  HalUARTWrite(0, "\n", 1);
    407                }
    408                #else
    409                #endif
    410          
    411                break;    
    412              case SAMPLEAPP_PERIODIC_CLUSTERID:
    413                break;
    414          
    415              case SAMPLEAPP_FLASH_CLUSTERID:
    416                flashTime = BUILD_UINT16(pkt->cmd.Data[1], pkt->cmd.Data[2] );
    417                HalLedBlink( HAL_LED_4, 4, 50, (flashTime / 4) );
   \   000016   EA           MOV     A,R2
   \   000017   2421         ADD     A,#0x21
   \   000019   F582         MOV     DPL,A
   \   00001B   EB           MOV     A,R3
   \   00001C   3400         ADDC    A,#0x0
   \   00001E   F583         MOV     DPH,A
   \   000020   E0           MOVX    A,@DPTR
   \   000021   F8           MOV     R0,A
   \   000022   A3           INC     DPTR
   \   000023   E0           MOVX    A,@DPTR
   \   000024   F9           MOV     R1,A
   \   000025                ; Setup parameters for call to function HalLedBlink
   \   000025   8882         MOV     DPL,R0
   \   000027   8983         MOV     DPH,R1
   \   000029   A3           INC     DPTR
   \   00002A   E0           MOVX    A,@DPTR
   \   00002B   FA           MOV     R2,A
   \   00002C   8882         MOV     DPL,R0
   \   00002E   8983         MOV     DPH,R1
   \   000030   A3           INC     DPTR
   \   000031   A3           INC     DPTR
   \   000032   E0           MOVX    A,@DPTR
   \   000033   F9           MOV     R1,A
   \   000034   EA           MOV     A,R2
   \   000035   2400         ADD     A,#0x0
   \   000037   F5..         MOV     ?V0 + 0,A
   \   000039   E4           CLR     A
   \   00003A   39           ADDC    A,R1
   \   00003B   F5..         MOV     ?V0 + 1,A
   \   00003D   7402         MOV     A,#0x2
   \   00003F   78..         MOV     R0,#?V0 + 0
   \   000041   12....       LCALL   ?US_SHR
   \   000044   AC..         MOV     R4,?V0 + 0
   \   000046   AD..         MOV     R5,?V0 + 1
   \   000048   7B32         MOV     R3,#0x32
   \   00004A   7A04         MOV     R2,#0x4
   \   00004C   7908         MOV     R1,#0x8
   \   00004E   12....       LCALL   ??HalLedBlink?relay
    418                break;
    419            }
    420          }
   \                     ??SampleApp_MessageMSGCB_1:
   \   000051   80..         SJMP    ?Subroutine0
    421          
    422          /*********************************************************************
    423           * @fn      SampleApp_Send_P2P_Message
    424           *
    425           * @brief   point to point.
    426           *
    427           * @param   none
    428           *
    429           * @return  none
    430           */

   \                                 In  segment BANKED_CODE, align 1, keep-with-next
    431          void SampleApp_Send_P2P_Message( void )
   \                     SampleApp_Send_P2P_Message:
    432          {
   \   000000   74F1         MOV     A,#-0xf
   \   000002   12....       LCALL   ?BANKED_ENTER_XDATA
   \   000005                ; Saved register size: 15
   \   000005                ; Auto size: 58
   \   000005   74C6         MOV     A,#-0x3a
   \   000007   12....       LCALL   ?ALLOC_XSTACK8
    433            byte state[2], temp[3], humidity[3], light[4], strTemp[29];
    434          
    435            DHT11();             //获取温湿度
   \   00000A                ; Setup parameters for call to function DHT11
   \   00000A   12....       LCALL   ??DHT11?relay
    436          
    437            //将温湿度的转换成字符串,供LCD显示  
    438            temp[0] = wendu_shi+0x30;
   \   00000D   90....       MOV     DPTR,#wendu_shi
   \   000010   E0           MOVX    A,@DPTR
   \   000011   2430         ADD     A,#0x30
   \   000013   C0E0         PUSH    A
   \   000015   7405         MOV     A,#0x5
   \   000017   12....       LCALL   ?XSTACK_DISP0_8
   \   00001A   D0E0         POP     A
   \   00001C   F0           MOVX    @DPTR,A
    439            temp[1] = wendu_ge+0x30;
   \   00001D   90....       MOV     DPTR,#wendu_ge
   \   000020   E0           MOVX    A,@DPTR
   \   000021   2430         ADD     A,#0x30
   \   000023   C0E0         PUSH    A
   \   000025   7406         MOV     A,#0x6
   \   000027   12....       LCALL   ?XSTACK_DISP0_8
   \   00002A   D0E0         POP     A
   \   00002C   F0           MOVX    @DPTR,A
    440            temp[2] = '\0';
   \   00002D   7407         MOV     A,#0x7
   \   00002F   12....       LCALL   ?XSTACK_DISP0_8
   \   000032   E4           CLR     A
   \   000033   F0           MOVX    @DPTR,A
    441            humidity[0] = shidu_shi+0x30;
   \   000034   90....       MOV     DPTR,#shidu_shi
   \   000037   E0           MOVX    A,@DPTR
   \   000038   2430         ADD     A,#0x30
   \   00003A   C0E0         PUSH    A
   \   00003C   7402         MOV     A,#0x2
   \   00003E   12....       LCALL   ?XSTACK_DISP0_8
   \   000041   D0E0         POP     A
   \   000043   F0           MOVX    @DPTR,A
    442            humidity[1] = shidu_ge+0x30;
   \   000044   90....       MOV     DPTR,#shidu_ge
   \   000047   E0           MOVX    A,@DPTR
   \   000048   2430         ADD     A,#0x30
   \   00004A   C0E0         PUSH    A
   \   00004C   7403         MOV     A,#0x3
   \   00004E   12....       LCALL   ?XSTACK_DISP0_8
   \   000051   D0E0         POP     A
   \   000053   F0           MOVX    @DPTR,A
    443            humidity[2] = '\0';
   \   000054   7404         MOV     A,#0x4
   \   000056   12....       LCALL   ?XSTACK_DISP0_8
   \   000059   E4           CLR     A
   \   00005A   F0           MOVX    @DPTR,A
    444            
    445          //  if(G_PIN == 1)
    446          //  { 
    447          //    MicroWait (10000);     // Wait 10ms
    448          //    if(G_PIN == 1)    //当光敏电阻处于黑暗中时P0.5高电平
    449          //    {
    450          //      light[0] = 0x31;
    451          //    }else
    452          //    {
    453          //      light[0] = 0x30;
    454          //    }
    455          //  }else
    456          //  {
    457          //    light[0] = 0x30;
    458          //  }
    459          //  light[1] = '\0';
    460            
    461            uint16 value;
    462            osal_memset(light, 0, 4);
   \   00005B                ; Setup parameters for call to function osal_memset
   \   00005B   7C04         MOV     R4,#0x4
   \   00005D   FD           MOV     R5,A
   \   00005E   F9           MOV     R1,A
   \   00005F   7408         MOV     A,#0x8
   \   000061   12....       LCALL   ?XSTACK_DISP0_8
   \   000064   AA82         MOV     R2,DPL
   \   000066   AB83         MOV     R3,DPH
   \   000068   12....       LCALL   ??osal_memset?relay
    463            value = ReadLightData();
    464            sprintf(light, "%03d", value);
                           ^
Warning[Pe167]: argument of type "unsigned char *" is incompatible with
          parameter of type "char *"
   \   00006B                ; Setup parameters for call to function sprintf
   \   00006B                ; Setup parameters for call to function ReadLightData
   \   00006B   12....       LCALL   ??ReadLightData?relay
   \   00006E   8A..         MOV     ?V0 + 0,R2
   \   000070   8B..         MOV     ?V0 + 1,R3
   \   000072   78..         MOV     R0,#?V0 + 0
   \   000074   12....       LCALL   ?PUSH_XSTACK_I_TWO
   \   000077   7C..         MOV     R4,#`?<Constant "%03d">` & 0xff
   \   000079   7D..         MOV     R5,#(`?<Constant "%03d">` >> 8) & 0xff
   \   00007B   740A         MOV     A,#0xa
   \   00007D   12....       LCALL   ?XSTACK_DISP0_8
   \   000080   AA82         MOV     R2,DPL
   \   000082   AB83         MOV     R3,DPH
   \   000084   12....       LCALL   ??sprintf?relay
   \   000087   7402         MOV     A,#0x2
   \   000089   12....       LCALL   ?DEALLOC_XSTACK8
    465            
    466            if(H_PIN == 1)
   \   00008C   A284         MOV     C,0x80.4
   \   00008E   5015         JNC     ??SampleApp_Send_P2P_Message_0
    467            { 
    468              MicroWait (10000);     // Wait 10ms
   \   000090                ; Setup parameters for call to function Onboard_wait
   \   000090   7A10         MOV     R2,#0x10
   \   000092   7B27         MOV     R3,#0x27
   \   000094   12....       LCALL   ??Onboard_wait?relay
    469              if(H_PIN == 1)
   \   000097   A284         MOV     C,0x80.4
   \   000099   500A         JNC     ??SampleApp_Send_P2P_Message_0
    470              {
    471                state[0] = 0x31;       //有人进入
   \   00009B   85..82       MOV     DPL,?XSP + 0
   \   00009E   85..83       MOV     DPH,?XSP + 1
   \   0000A1   7431         MOV     A,#0x31
   \   0000A3   8008         SJMP    ??SampleApp_Send_P2P_Message_1
    472              }else
    473              {
    474                state[0] = 0x30;
   \                     ??SampleApp_Send_P2P_Message_0:
   \   0000A5   85..82       MOV     DPL,?XSP + 0
   \   0000A8   85..83       MOV     DPH,?XSP + 1
   \   0000AB   7430         MOV     A,#0x30
   \                     ??SampleApp_Send_P2P_Message_1:
   \   0000AD   F0           MOVX    @DPTR,A
    475              }
    476            }  
    477            else 
    478            {  
    479              state[0] = 0x30;      
    480            }
    481            state[1] = '\0';
   \   0000AE   7401         MOV     A,#0x1
   \   0000B0   12....       LCALL   ?XSTACK_DISP0_8
   \   0000B3   E4           CLR     A
   \   0000B4   F0           MOVX    @DPTR,A
    482            
    483            //将数据整合后方便发给协调器显示
    484            osal_memcpy(strTemp, temp, 2);
   \   0000B5                ; Setup parameters for call to function osal_memcpy
   \   0000B5   7405         MOV     A,#0x5
   \   0000B7   12....       LCALL   ?XSTACK_DISP0_8
   \   0000BA   A982         MOV     R1,DPL
   \   0000BC   AA83         MOV     R2,DPH
   \   0000BE   89..         MOV     ?V0 + 0,R1
   \   0000C0   8A..         MOV     ?V0 + 1,R2
   \   0000C2   75..00       MOV     ?V0 + 2,#0x0
   \   0000C5   78..         MOV     R0,#?V0 + 0
   \   0000C7   12....       LCALL   ?PUSH_XSTACK_I_THREE
   \   0000CA   7C02         MOV     R4,#0x2
   \   0000CC   7D00         MOV     R5,#0x0
   \   0000CE   740F         MOV     A,#0xf
   \   0000D0   12....       LCALL   ?XSTACK_DISP0_8
   \   0000D3   12....       LCALL   ?Subroutine2 & 0xFFFF
   \                     ??CrossCallReturnLabel_4:
   \   0000D6   12....       LCALL   ?DEALLOC_XSTACK8
    485            osal_memcpy(&strTemp[2], "#", 1);
   \   0000D9   75....       MOV     ?V0 + 0,#`?<Constant "#">` & 0xff
   \   0000DC   75....       MOV     ?V0 + 1,#(`?<Constant "#">` >> 8) & 0xff
   \   0000DF                ; Setup parameters for call to function osal_memcpy
   \   0000DF   78..         MOV     R0,#?V0 + 0
   \   0000E1   12....       LCALL   ?PUSH_XSTACK_I_THREE
   \   0000E4   7C01         MOV     R4,#0x1
   \   0000E6   7D00         MOV     R5,#0x0
   \   0000E8   7411         MOV     A,#0x11
   \   0000EA   12....       LCALL   ?XSTACK_DISP0_8
   \   0000ED   12....       LCALL   ?Subroutine2 & 0xFFFF
   \                     ??CrossCallReturnLabel_5:
   \   0000F0   12....       LCALL   ?DEALLOC_XSTACK8
    486            osal_memcpy(&strTemp[3], humidity, 2);
   \   0000F3                ; Setup parameters for call to function osal_memcpy
   \   0000F3   7402         MOV     A,#0x2
   \   0000F5   12....       LCALL   ?XSTACK_DISP0_8
   \   0000F8   A982         MOV     R1,DPL
   \   0000FA   AA83         MOV     R2,DPH
   \   0000FC   89..         MOV     ?V0 + 4,R1
   \   0000FE   8A..         MOV     ?V0 + 5,R2
   \   000100   75..00       MOV     ?V0 + 6,#0x0
   \   000103   78..         MOV     R0,#?V0 + 4
   \   000105   12....       LCALL   ?PUSH_XSTACK_I_THREE
   \   000108   7C02         MOV     R4,#0x2
   \   00010A   7D00         MOV     R5,#0x0
   \   00010C   7412         MOV     A,#0x12
   \   00010E   12....       LCALL   ?XSTACK_DISP0_8
   \   000111   12....       LCALL   ?Subroutine2 & 0xFFFF
   \                     ??CrossCallReturnLabel_6:
   \   000114   12....       LCALL   ?DEALLOC_XSTACK8
    487            osal_memcpy(&strTemp[5], "#", 1);
   \   000117                ; Setup parameters for call to function osal_memcpy
   \   000117   78..         MOV     R0,#?V0 + 0
   \   000119   12....       LCALL   ?PUSH_XSTACK_I_THREE
   \   00011C   7C01         MOV     R4,#0x1
   \   00011E   7D00         MOV     R5,#0x0
   \   000120   7414         MOV     A,#0x14
   \   000122   12....       LCALL   ?XSTACK_DISP0_8
   \   000125   12....       LCALL   ?Subroutine2 & 0xFFFF
   \                     ??CrossCallReturnLabel_7:
   \   000128   12....       LCALL   ?DEALLOC_XSTACK8
    488            osal_memcpy(&strTemp[6], state, 1);
   \   00012B                ; Setup parameters for call to function osal_memcpy
   \   00012B   85..82       MOV     DPL,?XSP + 0
   \   00012E   85..83       MOV     DPH,?XSP + 1
   \   000131   A982         MOV     R1,DPL
   \   000133   AA83         MOV     R2,DPH
   \   000135   89..         MOV     ?V0 + 4,R1
   \   000137   8A..         MOV     ?V0 + 5,R2
   \   000139   78..         MOV     R0,#?V0 + 4
   \   00013B   12....       LCALL   ?PUSH_XSTACK_I_THREE
   \   00013E   7C01         MOV     R4,#0x1
   \   000140   7D00         MOV     R5,#0x0
   \   000142   7415         MOV     A,#0x15
   \   000144   12....       LCALL   ?XSTACK_DISP0_8
   \   000147   12....       LCALL   ?Subroutine2 & 0xFFFF
   \                     ??CrossCallReturnLabel_8:
   \   00014A   12....       LCALL   ?DEALLOC_XSTACK8
    489            osal_memcpy(&strTemp[7], "#", 1);
   \   00014D                ; Setup parameters for call to function osal_memcpy
   \   00014D   78..         MOV     R0,#?V0 + 0
   \   00014F   12....       LCALL   ?PUSH_XSTACK_I_THREE
   \   000152   7C01         MOV     R4,#0x1
   \   000154   7D00         MOV     R5,#0x0
   \   000156   7416         MOV     A,#0x16
   \   000158   12....       LCALL   ?XSTACK_DISP0_8
   \   00015B   12....       LCALL   ?Subroutine2 & 0xFFFF
   \                     ??CrossCallReturnLabel_9:
   \   00015E   12....       LCALL   ?DEALLOC_XSTACK8
    490            osal_memcpy(&strTemp[8], light, 3);
   \   000161                ; Setup parameters for call to function osal_memcpy
   \   000161   7408         MOV     A,#0x8
   \   000163   12....       LCALL   ?XSTACK_DISP0_8
   \   000166   A982         MOV     R1,DPL
   \   000168   AA83         MOV     R2,DPH
   \   00016A   89..         MOV     ?V0 + 4,R1
   \   00016C   8A..         MOV     ?V0 + 5,R2
   \   00016E   78..         MOV     R0,#?V0 + 4
   \   000170   12....       LCALL   ?PUSH_XSTACK_I_THREE
   \   000173   7C03         MOV     R4,#0x3
   \   000175   7D00         MOV     R5,#0x0
   \   000177   7417         MOV     A,#0x17
   \   000179   12....       LCALL   ?XSTACK_DISP0_8
   \   00017C   12....       LCALL   ?Subroutine2 & 0xFFFF
   \                     ??CrossCallReturnLabel_10:
   \   00017F   12....       LCALL   ?DEALLOC_XSTACK8
    491            osal_memcpy(&strTemp[11], "#", 1);
   \   000182                ; Setup parameters for call to function osal_memcpy
   \   000182   78..         MOV     R0,#?V0 + 0
   \   000184   12....       LCALL   ?PUSH_XSTACK_I_THREE
   \   000187   7C01         MOV     R4,#0x1
   \   000189   7D00         MOV     R5,#0x0
   \   00018B   741A         MOV     A,#0x1a
   \   00018D   12....       LCALL   ?XSTACK_DISP0_8
   \   000190   12....       LCALL   ?Subroutine2 & 0xFFFF
   \                     ??CrossCallReturnLabel_11:
   \   000193   12....       LCALL   ?DEALLOC_XSTACK8
    492            //发送IEEE地址
    493            uint8 strIeeeAddr[17] = {0};
   \   000196   90....       MOV     DPTR,#`?<Constant {0}>`
   \   000199   C082         PUSH    DPL
   \   00019B   7429         MOV     A,#0x29
   \   00019D   12....       LCALL   ?XSTACK_DISP0_8
   \   0001A0   AC82         MOV     R4,DPL
   \   0001A2   AD83         MOV     R5,DPH
   \   0001A4   7583..       MOV     DPH,#(`?<Constant {0}>` >> 8) & 0xff
   \   0001A7   D082         POP     DPL
   \   0001A9   7411         MOV     A,#0x11
   \   0001AB   12....       LCALL   ?MOVE_LONG8_XDATA_XDATA
    494            GetIeeeAddr(aExtendedAddress + Z_EXTADDR_LEN - 1, strIeeeAddr);
   \   0001AE                ; Setup parameters for call to function GetIeeeAddr
   \   0001AE   7429         MOV     A,#0x29
   \   0001B0   12....       LCALL   ?XSTACK_DISP0_8
   \   0001B3   AC82         MOV     R4,DPL
   \   0001B5   AD83         MOV     R5,DPH
   \   0001B7   7A..         MOV     R2,#(aExtendedAddress + 7) & 0xff
   \   0001B9   7B..         MOV     R3,#((aExtendedAddress + 7) >> 8) & 0xff
   \   0001BB   12....       LCALL   ??GetIeeeAddr?relay
    495            osal_memcpy(&strTemp[12], strIeeeAddr, 16);
   \   0001BE                ; Setup parameters for call to function osal_memcpy
   \   0001BE   7429         MOV     A,#0x29
   \   0001C0   12....       LCALL   ?XSTACK_DISP0_8
   \   0001C3   A982         MOV     R1,DPL
   \   0001C5   AA83         MOV     R2,DPH
   \   0001C7   89..         MOV     ?V0 + 0,R1
   \   0001C9   8A..         MOV     ?V0 + 1,R2
   \   0001CB   78..         MOV     R0,#?V0 + 0
   \   0001CD   12....       LCALL   ?PUSH_XSTACK_I_THREE
   \   0001D0   7C10         MOV     R4,#0x10
   \   0001D2   7D00         MOV     R5,#0x0
   \   0001D4   741B         MOV     A,#0x1b
   \   0001D6   12....       LCALL   ?XSTACK_DISP0_8
   \   0001D9   12....       LCALL   ?Subroutine2 & 0xFFFF
   \                     ??CrossCallReturnLabel_12:
   \   0001DC   12....       LCALL   ?DEALLOC_XSTACK8
    496            strTemp[28] = '\0';
   \   0001DF   7428         MOV     A,#0x28
   \   0001E1   12....       LCALL   ?XSTACK_DISP0_8
   \   0001E4   E4           CLR     A
   \   0001E5   F0           MOVX    @DPTR,A
    497            
    498            //获得的温湿度通过串口输出到电脑显示
    499            //HalUARTWrite(0, strTemp, 9);
    500            //HalUARTWrite(0, "\n",1);
    501           
    502            if ( AF_DataRequest( &SampleApp_P2P_DstAddr, &SampleApp_epDesc,
    503                                 SAMPLEAPP_P2P_CLUSTERID,
    504                                 (byte)osal_strlen( strTemp ) + 1,
                                                           ^
Warning[Pe167]: argument of type "unsigned char *" is incompatible with
          parameter of type "char *"
    505                                 (byte *)strTemp,
    506                                 &SampleApp_TransID,
    507                                 AF_DISCV_ROUTE,
    508                                 AF_DEFAULT_RADIUS ) == afStatus_SUCCESS )
   \   0001E6                ; Setup parameters for call to function AF_DataRequest
   \   0001E6   75..1E       MOV     ?V0 + 0,#0x1e
   \   0001E9   78..         MOV     R0,#?V0 + 0
   \   0001EB   12....       LCALL   ?PUSH_XSTACK_I_ONE
   \   0001EE   75....       MOV     ?V0 + 0,#SampleApp_TransID & 0xff
   \   0001F1   75....       MOV     ?V0 + 1,#(SampleApp_TransID >> 8) & 0xff
   \   0001F4   78..         MOV     R0,#?V0 + 0
   \   0001F6   12....       LCALL   ?PUSH_XSTACK_I_TWO
   \   0001F9   740F         MOV     A,#0xf
   \   0001FB   12....       LCALL   ?XSTACK_DISP0_8
   \   0001FE   8582..       MOV     ?V0 + 0,DPL
   \   000201   8583..       MOV     ?V0 + 1,DPH
   \   000204   78..         MOV     R0,#?V0 + 0
   \   000206   12....       LCALL   ?PUSH_XSTACK_I_TWO
   \   000209                ; Setup parameters for call to function osal_strlen
   \   000209   7411         MOV     A,#0x11
   \   00020B   12....       LCALL   ?XSTACK_DISP0_8
   \   00020E   AA82         MOV     R2,DPL
   \   000210   AB83         MOV     R3,DPH
   \   000212   12....       LCALL   ??osal_strlen?relay
   \   000215   EA           MOV     A,R2
   \   000216   2401         ADD     A,#0x1
   \   000218   F5..         MOV     ?V0 + 0,A
   \   00021A   E4           CLR     A
   \   00021B   3400         ADDC    A,#0x0
   \   00021D   F5..         MOV     ?V0 + 1,A
   \   00021F   78..         MOV     R0,#?V0 + 0
   \   000221   12....       LCALL   ?PUSH_XSTACK_I_TWO
   \   000224   75..04       MOV     ?V0 + 0,#0x4
   \   000227   75..00       MOV     ?V0 + 1,#0x0
   \   00022A   78..         MOV     R0,#?V0 + 0
   \   00022C   12....       LCALL   ?PUSH_XSTACK_I_TWO
   \   00022F   7920         MOV     R1,#0x20
   \   000231   7C..         MOV     R4,#SampleApp_epDesc & 0xff
   \   000233   7D..         MOV     R5,#(SampleApp_epDesc >> 8) & 0xff
   \   000235   7A..         MOV     R2,#SampleApp_P2P_DstAddr & 0xff
   \   000237   7B..         MOV     R3,#(SampleApp_P2P_DstAddr >> 8) & 0xff
   \   000239   12....       LCALL   ??AF_DataRequest?relay
   \   00023C   7409         MOV     A,#0x9
   \   00023E   12....       LCALL   ?DEALLOC_XSTACK8
    509            {
    510            }
    511            else
    512            {
    513              // Error occurred in request to send.
    514            }
    515          }
   \   000241   743A         MOV     A,#0x3a
   \   000243   12....       LCALL   ?DEALLOC_XSTACK8
   \   000246   7F07         MOV     R7,#0x7
   \   000248   02....       LJMP    ?BANKED_LEAVE_XDATA
   \   00024B                REQUIRE _A_P0

   \                                 In  segment BANKED_CODE, align 1, keep-with-next
   \                     ?Subroutine2:
   \   000000   AA82         MOV     R2,DPL
   \   000002   AB83         MOV     R3,DPH
   \   000004                REQUIRE ??Subroutine5_0
   \   000004                ; // Fall through to label ??Subroutine5_0
    516          
    517          /*********************************************************************
    518          *********************************************************************/
    519          

   \                                 In  segment BANKED_CODE, align 1, keep-with-next
    520          uint16 ReadLightData( void )
   \                     ReadLightData:
    521          {
   \   000000                ; Saved register size: 0
   \   000000                ; Auto size: 0
    522            uint16 reading = 0;
    523            
    524            P0DIR &= ~0x20;  // 设置P0.5为输入方式
   \   000000   53FDDF       ANL     0xfd,#0xdf
    525            asm("NOP");asm("NOP");
   \   000003   00           NOP
   \   000004   00           NOP
    526            
    527            /* Clear ADC interrupt flag */
    528            ADCIF = 0;
   \   000005   C28D         CLR     0x88.5
    529            
    530            ADCCON3 = (0x80 | HAL_ADC_DEC_064 | HAL_ADC_CHANNEL_5);
   \   000007   75B685       MOV     0xb6,#-0x7b
    531            
    532            /* Wait for the conversion to finish */
    533            while ( !ADCIF );
   \                     ??ReadLightData_0:
   \   00000A   A28D         MOV     C,0x88.5
   \   00000C   50FC         JNC     ??ReadLightData_0
    534            
    535            asm("NOP");asm("NOP");
   \   00000E   00           NOP
   \   00000F   00           NOP
    536            
    537            /* Read the result */
    538            reading = ADCL;
   \   000010   E5BA         MOV     A,0xba
    539            reading |= (int16) (ADCH << 8);
    540            reading >>= 8;
    541            
    542            return reading;
   \   000012   E5BB         MOV     A,0xbb
   \   000014   FA           MOV     R2,A
   \   000015   E4           CLR     A
   \   000016   FB           MOV     R3,A
   \   000017   02....       LJMP    ?BRET
   \   00001A                REQUIRE P0DIR
   \   00001A                REQUIRE _A_TCON
   \   00001A                REQUIRE ADCCON3
   \   00001A                REQUIRE ADCL
   \   00001A                REQUIRE ADCH
    543          }
    544          

   \                                 In  segment BANKED_CODE, align 1, keep-with-next
    545          void SendSelfAddrToUART()
   \                     SendSelfAddrToUART:
    546          {
   \   000000   C082         PUSH    DPL
   \   000002   C083         PUSH    DPH
   \   000004                ; Saved register size: 2
   \   000004                ; Auto size: 17
   \   000004   74EF         MOV     A,#-0x11
   \   000006   12....       LCALL   ?ALLOC_XSTACK8
    547            uint8 strIeeeAddr[17] = {0};
   \   000009   85..82       MOV     DPL,?XSP + 0
   \   00000C   85..83       MOV     DPH,?XSP + 1
   \   00000F   AC82         MOV     R4,DPL
   \   000011   AD83         MOV     R5,DPH
   \   000013   7583..       MOV     DPH,#(`?<Constant {0}>_1` >> 8) & 0xff
   \   000016   7582..       MOV     DPL,#`?<Constant {0}>_1` & 0xff
   \   000019   7411         MOV     A,#0x11
   \   00001B   12....       LCALL   ?MOVE_LONG8_XDATA_XDATA
    548            GetIeeeAddr(aExtendedAddress + Z_EXTADDR_LEN - 1, strIeeeAddr);
   \   00001E                ; Setup parameters for call to function GetIeeeAddr
   \   00001E   85..82       MOV     DPL,?XSP + 0
   \   000021   85..83       MOV     DPH,?XSP + 1
   \   000024   AC82         MOV     R4,DPL
   \   000026   AD83         MOV     R5,DPH
   \   000028   7A..         MOV     R2,#(aExtendedAddress + 7) & 0xff
   \   00002A   7B..         MOV     R3,#((aExtendedAddress + 7) >> 8) & 0xff
   \   00002C   12....       LCALL   ??GetIeeeAddr?relay
    549          
    550            HalUARTWrite(0, strIeeeAddr, osal_strlen(strIeeeAddr));
                                                            ^
Warning[Pe167]: argument of type "unsigned char *" is incompatible with
          parameter of type "char *"
   \   00002F                ; Setup parameters for call to function HalUARTWrite
   \   00002F                ; Setup parameters for call to function osal_strlen
   \   00002F   85..82       MOV     DPL,?XSP + 0
   \   000032   85..83       MOV     DPH,?XSP + 1
   \   000035   AA82         MOV     R2,DPL
   \   000037   AB83         MOV     R3,DPH
   \   000039   12....       LCALL   ??osal_strlen?relay
   \   00003C   EA           MOV     A,R2
   \   00003D   FC           MOV     R4,A
   \   00003E   EB           MOV     A,R3
   \   00003F   FD           MOV     R5,A
   \   000040   85..82       MOV     DPL,?XSP + 0
   \   000043   85..83       MOV     DPH,?XSP + 1
   \   000046   AA82         MOV     R2,DPL
   \   000048   AB83         MOV     R3,DPH
   \   00004A   7900         MOV     R1,#0x0
   \   00004C   12....       LCALL   ??HalUARTWrite?relay
    551            HalUARTWrite(0, "\n", 1);
   \   00004F                ; Setup parameters for call to function HalUARTWrite
   \   00004F   7C01         MOV     R4,#0x1
   \   000051   7D00         MOV     R5,#0x0
   \   000053   7A..         MOV     R2,#`?<Constant "\\n">` & 0xff
   \   000055   7B..         MOV     R3,#(`?<Constant "\\n">` >> 8) & 0xff
   \   000057   7900         MOV     R1,#0x0
   \   000059   12....       LCALL   ??HalUARTWrite?relay
    552          }
   \   00005C   7411         MOV     A,#0x11
   \   00005E   12....       LCALL   ?DEALLOC_XSTACK8
   \   000061                REQUIRE ?Subroutine1
   \   000061                ; // Fall through to label ?Subroutine1

   \                                 In  segment BANKED_CODE, align 1, keep-with-next
   \                     ?Subroutine1:
   \   000000   D083         POP     DPH
   \   000002   D082         POP     DPL
   \   000004   02....       LJMP    ?BRET
    553          

   \                                 In  segment BANKED_CODE, align 1, keep-with-next
    554          void GetIeeeAddr(uint8 * pIeeeAddr, uint8 *pStr)
   \                     GetIeeeAddr:
    555          {
   \   000000   74F6         MOV     A,#-0xa
   \   000002   12....       LCALL   ?BANKED_ENTER_XDATA
   \   000005                ; Saved register size: 10
   \   000005                ; Auto size: 0
   \   000005   EA           MOV     A,R2
   \   000006   F8           MOV     R0,A
   \   000007   EB           MOV     A,R3
   \   000008   F9           MOV     R1,A
    556            uint8 i;
    557            uint8 *xad = pIeeeAddr;
    558          
    559            for (i = 0; i < Z_EXTADDR_LEN*2; xad--)
   \   000009   75..00       MOV     ?V0 + 0,#0x0
    560            {
    561              uint8 ch;
    562              ch = (*xad >> 4) & 0x0F;
   \                     ??GetIeeeAddr_0:
   \   00000C   8882         MOV     DPL,R0
   \   00000E   8983         MOV     DPH,R1
   \   000010   E0           MOVX    A,@DPTR
   \   000011   C4           SWAP    A
   \   000012   12....       LCALL   ?Subroutine3 & 0xFFFF
    563              *pStr++ = ch + (( ch < 10 ) ? '0' : '7');
   \                     ??CrossCallReturnLabel_0:
   \   000015   AC82         MOV     R4,DPL
   \   000017   AD83         MOV     R5,DPH
   \   000019   E5..         MOV     A,?V0 + 1
   \   00001B   C3           CLR     C
   \   00001C   940A         SUBB    A,#0xa
   \   00001E   5004         JNC     ??GetIeeeAddr_1
   \   000020   7E30         MOV     R6,#0x30
   \   000022   8002         SJMP    ??GetIeeeAddr_2
   \                     ??GetIeeeAddr_1:
   \   000024   7E37         MOV     R6,#0x37
   \                     ??GetIeeeAddr_2:
   \   000026   12....       LCALL   ?Subroutine4 & 0xFFFF
    564              i++;
    565              ch = *xad & 0x0F;
   \                     ??CrossCallReturnLabel_2:
   \   000029   8882         MOV     DPL,R0
   \   00002B   8983         MOV     DPH,R1
   \   00002D   E0           MOVX    A,@DPTR
   \   00002E   12....       LCALL   ?Subroutine3 & 0xFFFF
    566              *pStr++ = ch + (( ch < 10 ) ? '0' : '7');
    567              i++;
    568            }
   \                     ??CrossCallReturnLabel_1:
   \   000031   0C           INC     R4
   \   000032   AD83         MOV     R5,DPH
   \   000034   E5..         MOV     A,?V0 + 1
   \   000036   C3           CLR     C
   \   000037   940A         SUBB    A,#0xa
   \   000039   5004         JNC     ??GetIeeeAddr_3
   \   00003B   7E30         MOV     R6,#0x30
   \   00003D   8002         SJMP    ??GetIeeeAddr_4
   \                     ??GetIeeeAddr_3:
   \   00003F   7E37         MOV     R6,#0x37
   \                     ??GetIeeeAddr_4:
   \   000041   12....       LCALL   ?Subroutine4 & 0xFFFF
   \                     ??CrossCallReturnLabel_3:
   \   000044   E8           MOV     A,R0
   \   000045   24FF         ADD     A,#-0x1
   \   000047   18           DEC     R0
   \   000048   E9           MOV     A,R1
   \   000049   34FF         ADDC    A,#-0x1
   \   00004B   F9           MOV     R1,A
   \   00004C   E5..         MOV     A,?V0 + 0
   \   00004E   C3           CLR     C
   \   00004F   9410         SUBB    A,#0x10
   \   000051   40B9         JC      ??GetIeeeAddr_0
    569          }
   \   000053   02....       LJMP    ?Subroutine0 & 0xFFFF

   \                                 In  segment BANKED_CODE, align 1, keep-with-next
   \                     ?Subroutine4:
   \   000000   EE           MOV     A,R6
   \   000001   25..         ADD     A,?V0 + 1
   \   000003   8A82         MOV     DPL,R2
   \   000005   8B83         MOV     DPH,R3
   \   000007   F0           MOVX    @DPTR,A
   \   000008   05..         INC     ?V0 + 0
   \   00000A   22           RET

   \                                 In  segment BANKED_CODE, align 1, keep-with-next
   \                     ?Subroutine3:
   \   000000   540F         ANL     A,#0xf
   \   000002   F5..         MOV     ?V0 + 1,A
   \   000004   EC           MOV     A,R4
   \   000005   FA           MOV     R2,A
   \   000006   ED           MOV     A,R5
   \   000007   FB           MOV     R3,A
   \   000008   8A82         MOV     DPL,R2
   \   00000A   8B83         MOV     DPH,R3
   \   00000C   A3           INC     DPTR
   \   00000D   22           RET
    570          

   \                                 In  segment BANKED_CODE, align 1, keep-with-next
    571          void PowerSaving(void)
   \                     PowerSaving:
    572          {
   \   000000   C082         PUSH    DPL
   \   000002   C083         PUSH    DPH
   \   000004                ; Saved register size: 2
   \   000004                ; Auto size: 0
    573            NLME_SetPollRate(0);
   \   000004                ; Setup parameters for call to function NLME_SetPollRate
   \   000004   7A00         MOV     R2,#0x0
   \   000006   7B00         MOV     R3,#0x0
   \   000008   12....       LCALL   ??NLME_SetPollRate?relay
    574            NLME_SetQueuedPollRate(0);
   \   00000B                ; Setup parameters for call to function NLME_SetQueuedPollRate
   \   00000B   7A00         MOV     R2,#0x0
   \   00000D   7B00         MOV     R3,#0x0
   \   00000F   12....       LCALL   ??NLME_SetQueuedPollRate?relay
    575            NLME_SetPollRate(0);
   \   000012                ; Setup parameters for call to function NLME_SetPollRate
   \   000012   7A00         MOV     R2,#0x0
   \   000014   7B00         MOV     R3,#0x0
   \   000016   12....       LCALL   ??NLME_SetPollRate?relay
    576          }
   \   000019   02....       LJMP    ?Subroutine1 & 0xFFFF

   \                                 In  segment BANK_RELAYS, align 1
   \                     ??SampleApp_Init?relay:
   \   000000   12....       LCALL   ?BDISPATCH
   \   000003   ......       DC24    SampleApp_Init

   \                                 In  segment BANK_RELAYS, align 1
   \                     ??SampleApp_ProcessEvent?relay:
   \   000000   12....       LCALL   ?BDISPATCH
   \   000003   ......       DC24    SampleApp_ProcessEvent

   \                                 In  segment BANK_RELAYS, align 1
   \                     ??SampleApp_HandleKeys?relay:
   \   000000   12....       LCALL   ?BDISPATCH
   \   000003   ......       DC24    SampleApp_HandleKeys

   \                                 In  segment BANK_RELAYS, align 1
   \                     ??SampleApp_MessageMSGCB?relay:
   \   000000   12....       LCALL   ?BDISPATCH
   \   000003   ......       DC24    SampleApp_MessageMSGCB

   \                                 In  segment BANK_RELAYS, align 1
   \                     ??SampleApp_Send_P2P_Message?relay:
   \   000000   12....       LCALL   ?BDISPATCH
   \   000003   ......       DC24    SampleApp_Send_P2P_Message

   \                                 In  segment BANK_RELAYS, align 1
   \                     ??ReadLightData?relay:
   \   000000   12....       LCALL   ?BDISPATCH
   \   000003   ......       DC24    ReadLightData

   \                                 In  segment BANK_RELAYS, align 1
   \                     ??SendSelfAddrToUART?relay:
   \   000000   12....       LCALL   ?BDISPATCH
   \   000003   ......       DC24    SendSelfAddrToUART

   \                                 In  segment BANK_RELAYS, align 1
   \                     ??GetIeeeAddr?relay:
   \   000000   12....       LCALL   ?BDISPATCH
   \   000003   ......       DC24    GetIeeeAddr

   \                                 In  segment BANK_RELAYS, align 1
   \                     ??PowerSaving?relay:
   \   000000   12....       LCALL   ?BDISPATCH
   \   000003   ......       DC24    PowerSaving

   \                                 In  segment XDATA_ROM_C, align 1
   \                     `?<Constant "Group 1">`:
   \   000000   47726F75     DB "Group 1"
   \            70203100

   \                                 In  segment XDATA_ROM_C, align 1
   \                     `?<Constant "SampleApp">`:
   \   000000   53616D70     DB "SampleApp"
   \            6C654170
   \            7000    

   \                                 In  segment XDATA_ROM_C, align 1
   \                     `?<Constant "%03d">`:
   \   000000   25303364     DB "%03d"
   \            00      

   \                                 In  segment XDATA_ROM_C, align 1
   \                     `?<Constant "#">`:
   \   000000   2300         DB "#"

   \                                 In  segment XDATA_ROM_C, align 1
   \                     `?<Constant {0}>`:
   \   000000   00           DB 0
   \   000001   00000000     DB 0, 0, 0, 0, 0, 0, 0, 0
   \            00000000
   \   000009   00000000     DB 0, 0, 0, 0, 0, 0, 0, 0
   \            00000000

   \                                 In  segment XDATA_ROM_C, align 1
   \                     `?<Constant {0}>_1`:
   \   000000   00           DB 0
   \   000001   00000000     DB 0, 0, 0, 0, 0, 0, 0, 0
   \            00000000
   \   000009   00000000     DB 0, 0, 0, 0, 0, 0, 0, 0
   \            00000000

   \                                 In  segment XDATA_ROM_C, align 1
   \                     `?<Constant "\\n">`:
   \   000000   0A00         DB "\012"
    577          /*********************************************************************
    578          *********************************************************************/

   Maximum stack usage in bytes:

     Function                       ISTACK PSTACK XSTACK
     --------                       ------ ------ ------
     GetIeeeAddr                        1      0     83
     PowerSaving                        2      0      0
       -> NLME_SetPollRate              4      0      0
       -> NLME_SetQueuedPollRate        4      0      0
       -> NLME_SetPollRate              4      0      0
     ReadLightData                      0      0     73
     SampleApp_HandleKeys               0      0     22
       -> SendSelfAddrToUART            0      0     20
       -> aps_FindGroup                 0      0     20
       -> aps_RemoveGroup               0      0     20
       -> aps_AddGroup                  0      0     20
     SampleApp_Init                     0      0     14
       -> MT_UartInit                   0      0     22
       -> MT_UartRegisterTaskID         0      0     22
       -> afRegister                    0      0     22
       -> RegisterForKeys               0      0     22
       -> osal_memcpy                   0      0     28
       -> aps_AddGroup                  0      0     22
       -> HalLcdWriteString             0      0     22
     SampleApp_MessageMSGCB             0      0     22
       -> HalLedBlink                   0      0     20
     SampleApp_ProcessEvent             0      0     12
       -> osal_msg_receive              0      0     24
       -> osal_start_timerEx            0      0     24
       -> osal_msg_deallocate           0      0     24
       -> osal_msg_receive              0      0     24
       -> SampleApp_HandleKeys          0      0     24
       -> SampleApp_MessageMSGCB        0      0     24
       -> SampleApp_Send_P2P_Message
                                        0      0     24
       -> osal_rand                     0      0     24
       -> osal_start_timerEx            0      0     24
     SampleApp_Send_P2P_Message         2      0     94
       -> DHT11                         0      0    146
       -> osal_memset                   0      0    146
       -> ReadLightData                 0      0    146
       -> sprintf                       0      0    150
       -> Onboard_wait                  0      0    146
       -> osal_memcpy                   0      0    152
       -> osal_memcpy                   0      0    152
       -> osal_memcpy                   0      0    152
       -> osal_memcpy                   0      0    152
       -> osal_memcpy                   0      0    152
       -> osal_memcpy                   0      0    152
       -> osal_memcpy                   0      0    152
       -> osal_memcpy                   0      0    152
       -> GetIeeeAddr                   0      0    146
       -> osal_memcpy                   0      0    152
       -> osal_strlen                   0      0    156
       -> AF_DataRequest                0      0    164
     SendSelfAddrToUART                 4      0     27
       -> GetIeeeAddr                   4      0     34
       -> osal_strlen                   4      0     34
       -> HalUARTWrite                  4      0     34
       -> HalUARTWrite                  4      0     34


   Segment part sizes:

     Function/Label                     Bytes
     --------------                     -----
     _A_P0                                 1
     _A_TCON                               1
     ADCCON3                               1
     ADCL                                  1
     ADCH                                  1
     P0SEL                                 1
     P0DIR                                 1
     SampleApp_ClusterList                 4
     SampleApp_SimpleDesc                 12
     SampleApp_epDesc                      6
     SampleApp_TaskID                      1
     SampleApp_NwkState                    1
     SampleApp_TransID                     1
     SampleApp_P2P_DstAddr                12
     SampleApp_Group                      18
     SampleAppPeriodicCounter              1
     SampleAppFlashCounter                 1
     SampleApp_Init                      149
     ??Subroutine5_0                       6
     SampleApp_ProcessEvent              176
     SampleApp_HandleKeys                 55
     ?Subroutine0                          5
     SampleApp_MessageMSGCB               83
     SampleApp_Send_P2P_Message          587
     ?Subroutine2                          4
     ReadLightData                        26
     SendSelfAddrToUART                   97
     ?Subroutine1                          7
     GetIeeeAddr                          86
     ?Subroutine4                         11
     ?Subroutine3                         14
     PowerSaving                          28
     ??SampleApp_Init?relay                6
     ??SampleApp_ProcessEvent?relay        6
     ??SampleApp_HandleKeys?relay          6
     ??SampleApp_MessageMSGCB?relay        6
     ??SampleApp_Send_P2P_Message?relay    6
     ??ReadLightData?relay                 6
     ??SendSelfAddrToUART?relay            6
     ??GetIeeeAddr?relay                   6
     ??PowerSaving?relay                   6
     ?<Constant "Group 1">                 8
     ?<Constant "SampleApp">              10
     ?<Constant "%03d">                    5
     ?<Constant "#">                       2
     ?<Constant {0}>                      17
     ?<Constant {0}>_1                    17
     ?<Constant "\n">                      2

 
 1 334 bytes in segment BANKED_CODE
    54 bytes in segment BANK_RELAYS
     7 bytes in segment SFR_AN
    77 bytes in segment XDATA_ROM_C
    41 bytes in segment XDATA_Z
 
 1 388 bytes of CODE  memory
    77 bytes of CONST memory
     0 bytes of DATA  memory (+ 7 bytes shared)
    41 bytes of XDATA memory

Errors: none
Warnings: 3
